{"/home/travis/build/npmtest/node-npmtest-passwordless/test.js":{"path":"/home/travis/build/npmtest/node-npmtest-passwordless/test.js","s":{"1":2,"2":2,"3":2,"4":2,"5":2,"6":2,"7":2,"8":1,"9":2,"10":2,"11":1,"12":1,"13":1,"14":1,"15":2,"16":2,"17":2,"18":2,"19":1,"20":1,"21":2,"22":2,"23":2,"24":1,"25":1,"26":1,"27":1,"28":1,"29":1,"30":1,"31":1,"32":1,"33":1,"34":1,"35":1,"36":1,"37":2,"38":2,"39":1,"40":2,"41":2,"42":1,"43":2,"44":2,"45":1,"46":2,"47":2,"48":1,"49":1,"50":1,"51":1,"52":1},"b":{"1":[2,1,1,1],"2":[1,1,1,1],"3":[1,1],"4":[1,1],"5":[1,1],"6":[1,1],"7":[1,1],"8":[1,1],"9":[1,1,1],"10":[1,1],"11":[1,1],"12":[1,1],"13":[1,1],"14":[1,1],"15":[1,1],"16":[1,1]},"f":{"1":2,"2":2,"3":2,"4":2,"5":2,"6":1,"7":1,"8":2,"9":2,"10":2,"11":2,"12":1},"fnMap":{"1":{"name":"(anonymous_1)","line":12,"loc":{"start":{"line":12,"column":1},"end":{"line":12,"column":13}}},"2":{"name":"(anonymous_2)","line":19,"loc":{"start":{"line":19,"column":5},"end":{"line":19,"column":17}}},"3":{"name":"(anonymous_3)","line":23,"loc":{"start":{"line":23,"column":24},"end":{"line":23,"column":36}}},"4":{"name":"(anonymous_4)","line":61,"loc":{"start":{"line":61,"column":5},"end":{"line":61,"column":17}}},"5":{"name":"(anonymous_5)","line":82,"loc":{"start":{"line":82,"column":5},"end":{"line":82,"column":17}}},"6":{"name":"(anonymous_6)","line":102,"loc":{"start":{"line":102,"column":83},"end":{"line":105,"column":10}},"skip":true},"7":{"name":"(anonymous_7)","line":113,"loc":{"start":{"line":113,"column":77},"end":{"line":116,"column":10}},"skip":true},"8":{"name":"(anonymous_8)","line":129,"loc":{"start":{"line":129,"column":12},"end":{"line":129,"column":40}},"skip":true},"9":{"name":"(anonymous_9)","line":137,"loc":{"start":{"line":137,"column":77},"end":{"line":140,"column":10}},"skip":true},"10":{"name":"(anonymous_10)","line":148,"loc":{"start":{"line":148,"column":83},"end":{"line":151,"column":10}},"skip":true},"11":{"name":"(anonymous_11)","line":159,"loc":{"start":{"line":159,"column":79},"end":{"line":162,"column":10}},"skip":true},"12":{"name":"(anonymous_12)","line":170,"loc":{"start":{"line":170,"column":75},"end":{"line":173,"column":10}},"skip":true}},"statementMap":{"1":{"start":{"line":12,"column":0},"end":{"line":185,"column":5}},"2":{"start":{"line":14,"column":4},"end":{"line":14,"column":14}},"3":{"start":{"line":19,"column":4},"end":{"line":56,"column":9}},"4":{"start":{"line":21,"column":8},"end":{"line":21,"column":19}},"5":{"start":{"line":23,"column":8},"end":{"line":35,"column":13}},"6":{"start":{"line":24,"column":12},"end":{"line":34,"column":13}},"7":{"start":{"line":25,"column":16},"end":{"line":28,"column":30}},"8":{"start":{"line":30,"column":16},"end":{"line":33,"column":27}},"9":{"start":{"line":37,"column":8},"end":{"line":39,"column":21}},"10":{"start":{"line":40,"column":8},"end":{"line":53,"column":9}},"11":{"start":{"line":43,"column":12},"end":{"line":46,"column":14}},"12":{"start":{"line":47,"column":12},"end":{"line":47,"column":18}},"13":{"start":{"line":50,"column":12},"end":{"line":51,"column":46}},"14":{"start":{"line":52,"column":12},"end":{"line":52,"column":18}},"15":{"start":{"line":55,"column":8},"end":{"line":55,"column":35}},"16":{"start":{"line":61,"column":4},"end":{"line":63,"column":9}},"17":{"start":{"line":62,"column":8},"end":{"line":62,"column":15}},"18":{"start":{"line":64,"column":4},"end":{"line":77,"column":5}},"19":{"start":{"line":70,"column":8},"end":{"line":70,"column":14}},"20":{"start":{"line":76,"column":8},"end":{"line":76,"column":14}},"21":{"start":{"line":82,"column":4},"end":{"line":84,"column":9}},"22":{"start":{"line":83,"column":8},"end":{"line":83,"column":15}},"23":{"start":{"line":85,"column":4},"end":{"line":184,"column":5}},"24":{"start":{"line":92,"column":8},"end":{"line":94,"column":63}},"25":{"start":{"line":95,"column":8},"end":{"line":95,"column":14}},"26":{"start":{"line":102,"column":8},"end":{"line":111,"column":10},"skip":true},"27":{"start":{"line":109,"column":12},"end":{"line":109,"column":55},"skip":true},"28":{"start":{"line":110,"column":12},"end":{"line":110,"column":48},"skip":true},"29":{"start":{"line":113,"column":8},"end":{"line":126,"column":10},"skip":true},"30":{"start":{"line":120,"column":12},"end":{"line":120,"column":76},"skip":true},"31":{"start":{"line":121,"column":12},"end":{"line":121,"column":73},"skip":true},"32":{"start":{"line":122,"column":12},"end":{"line":122,"column":74},"skip":true},"33":{"start":{"line":123,"column":12},"end":{"line":123,"column":79},"skip":true},"34":{"start":{"line":124,"column":12},"end":{"line":124,"column":25},"skip":true},"35":{"start":{"line":125,"column":12},"end":{"line":125,"column":45},"skip":true},"36":{"start":{"line":128,"column":8},"end":{"line":135,"column":14},"skip":true},"37":{"start":{"line":133,"column":16},"end":{"line":133,"column":29},"skip":true},"38":{"start":{"line":134,"column":16},"end":{"line":134,"column":55},"skip":true},"39":{"start":{"line":137,"column":8},"end":{"line":146,"column":10},"skip":true},"40":{"start":{"line":144,"column":12},"end":{"line":144,"column":25},"skip":true},"41":{"start":{"line":145,"column":12},"end":{"line":145,"column":45},"skip":true},"42":{"start":{"line":148,"column":8},"end":{"line":157,"column":10},"skip":true},"43":{"start":{"line":155,"column":12},"end":{"line":155,"column":25},"skip":true},"44":{"start":{"line":156,"column":12},"end":{"line":156,"column":48},"skip":true},"45":{"start":{"line":159,"column":8},"end":{"line":168,"column":10},"skip":true},"46":{"start":{"line":166,"column":12},"end":{"line":166,"column":25},"skip":true},"47":{"start":{"line":167,"column":12},"end":{"line":167,"column":46},"skip":true},"48":{"start":{"line":170,"column":8},"end":{"line":179,"column":10},"skip":true},"49":{"start":{"line":177,"column":12},"end":{"line":177,"column":94},"skip":true},"50":{"start":{"line":178,"column":12},"end":{"line":178,"column":48},"skip":true},"51":{"start":{"line":182,"column":8},"end":{"line":182,"column":35},"skip":true},"52":{"start":{"line":183,"column":8},"end":{"line":183,"column":14},"skip":true}},"branchMap":{"1":{"line":25,"type":"binary-expr","locations":[{"start":{"line":25,"column":23},"end":{"line":25,"column":62}},{"start":{"line":26,"column":20},"end":{"line":26,"column":70}},{"start":{"line":27,"column":20},"end":{"line":27,"column":71}},{"start":{"line":28,"column":20},"end":{"line":28,"column":29}}]},"2":{"line":30,"type":"binary-expr","locations":[{"start":{"line":30,"column":23},"end":{"line":30,"column":37}},{"start":{"line":31,"column":20},"end":{"line":31,"column":61}},{"start":{"line":32,"column":20},"end":{"line":32,"column":70}},{"start":{"line":33,"column":20},"end":{"line":33,"column":26}}]},"3":{"line":37,"type":"cond-expr","locations":[{"start":{"line":38,"column":14},"end":{"line":38,"column":20}},{"start":{"line":39,"column":14},"end":{"line":39,"column":20}}]},"4":{"line":40,"type":"switch","locations":[{"start":{"line":42,"column":8},"end":{"line":47,"column":18}},{"start":{"line":49,"column":8},"end":{"line":52,"column":18}}]},"5":{"line":44,"type":"binary-expr","locations":[{"start":{"line":44,"column":16},"end":{"line":44,"column":44}},{"start":{"line":44,"column":48},"end":{"line":44,"column":66}}]},"6":{"line":50,"type":"binary-expr","locations":[{"start":{"line":50,"column":21},"end":{"line":50,"column":49}},{"start":{"line":50,"column":53},"end":{"line":50,"column":72}}]},"7":{"line":64,"type":"switch","locations":[{"start":{"line":69,"column":4},"end":{"line":70,"column":14}},{"start":{"line":75,"column":4},"end":{"line":76,"column":14}}]},"8":{"line":85,"type":"switch","locations":[{"start":{"line":90,"column":4},"end":{"line":95,"column":14}},{"start":{"line":101,"column":4},"end":{"line":183,"column":14},"skip":true}]},"9":{"line":92,"type":"binary-expr","locations":[{"start":{"line":92,"column":18},"end":{"line":92,"column":32}},{"start":{"line":93,"column":12},"end":{"line":93,"column":53}},{"start":{"line":94,"column":12},"end":{"line":94,"column":61}}]},"10":{"line":102,"type":"binary-expr","locations":[{"start":{"line":102,"column":45},"end":{"line":102,"column":79},"skip":true},{"start":{"line":102,"column":83},"end":{"line":111,"column":9},"skip":true}]},"11":{"line":113,"type":"binary-expr","locations":[{"start":{"line":113,"column":42},"end":{"line":113,"column":73},"skip":true},{"start":{"line":113,"column":77},"end":{"line":126,"column":9},"skip":true}]},"12":{"line":128,"type":"binary-expr","locations":[{"start":{"line":128,"column":48},"end":{"line":128,"column":85},"skip":true},{"start":{"line":129,"column":12},"end":{"line":135,"column":13},"skip":true}]},"13":{"line":137,"type":"binary-expr","locations":[{"start":{"line":137,"column":42},"end":{"line":137,"column":73},"skip":true},{"start":{"line":137,"column":77},"end":{"line":146,"column":9},"skip":true}]},"14":{"line":148,"type":"binary-expr","locations":[{"start":{"line":148,"column":45},"end":{"line":148,"column":79},"skip":true},{"start":{"line":148,"column":83},"end":{"line":157,"column":9},"skip":true}]},"15":{"line":159,"type":"binary-expr","locations":[{"start":{"line":159,"column":43},"end":{"line":159,"column":75},"skip":true},{"start":{"line":159,"column":79},"end":{"line":168,"column":9},"skip":true}]},"16":{"line":170,"type":"binary-expr","locations":[{"start":{"line":170,"column":41},"end":{"line":170,"column":71},"skip":true},{"start":{"line":170,"column":75},"end":{"line":179,"column":9},"skip":true}]}},"code":["/* istanbul instrument in package npmtest_passwordless */","/*jslint","    bitwise: true,","    browser: true,","    maxerr: 8,","    maxlen: 96,","    node: true,","    nomen: true,","    regexp: true,","    stupid: true","*/","(function () {","    'use strict';","    var local;","","","","    // run shared js-env code - pre-init","    (function () {","        // init local","        local = {};","        // init modeJs","        local.modeJs = (function () {","            try {","                return typeof navigator.userAgent === 'string' &&","                    typeof document.querySelector('body') === 'object' &&","                    typeof XMLHttpRequest.prototype.open === 'function' &&","                    'browser';","            } catch (errorCaughtBrowser) {","                return module.exports &&","                    typeof process.versions.node === 'string' &&","                    typeof require('http').createServer === 'function' &&","                    'node';","            }","        }());","        // init global","        local.global = local.modeJs === 'browser'","            ? window","            : global;","        switch (local.modeJs) {","        // re-init local from window.local","        case 'browser':","            local = local.global.utility2.objectSetDefault(","                local.global.utility2_rollup || local.global.local,","                local.global.utility2","            );","            break;","        // re-init local from example.js","        case 'node':","            local = (local.global.utility2_rollup || require('utility2'))","                .requireExampleJsFromReadme();","            break;","        }","        // export local","        local.global.local = local;","    }());","","","","    // run shared js-env code - function","    (function () {","        return;","    }());","    switch (local.modeJs) {","","","","    // run browser js-env code - function","    case 'browser':","        break;","","","","    // run node js-env code - function","    case 'node':","        break;","    }","","","","    // run shared js-env code - post-init","    (function () {","        return;","    }());","    switch (local.modeJs) {","","","","    // run browser js-env code - post-init","    case 'browser':","        // run tests","        local.nop(local.modeTest &&","            document.querySelector('#testRunButton1') &&","            document.querySelector('#testRunButton1').click());","        break;","","","","    // run node js-env code - post-init","    /* istanbul ignore next */","    case 'node':","        local.testCase_buildApidoc_default = local.testCase_buildApidoc_default || function (","            options,","            onError","        ) {","        /*","         * this function will test buildApidoc's default handling-behavior-behavior","         */","            options = { modulePathList: module.paths };","            local.buildApidoc(options, onError);","        };","","        local.testCase_buildApp_default = local.testCase_buildApp_default || function (","            options,","            onError","        ) {","        /*","         * this function will test buildApp's default handling-behavior-behavior","         */","            local.testCase_buildReadme_default(options, local.onErrorThrow);","            local.testCase_buildLib_default(options, local.onErrorThrow);","            local.testCase_buildTest_default(options, local.onErrorThrow);","            local.testCase_buildCustomOrg_default(options, local.onErrorThrow);","            options = [];","            local.buildApp(options, onError);","        };","","        local.testCase_buildCustomOrg_default = local.testCase_buildCustomOrg_default ||","            function (options, onError) {","            /*","             * this function will test buildCustomOrg's default handling-behavior","             */","                options = {};","                local.buildCustomOrg(options, onError);","            };","","        local.testCase_buildLib_default = local.testCase_buildLib_default || function (","            options,","            onError","        ) {","        /*","         * this function will test buildLib's default handling-behavior","         */","            options = {};","            local.buildLib(options, onError);","        };","","        local.testCase_buildReadme_default = local.testCase_buildReadme_default || function (","            options,","            onError","        ) {","        /*","         * this function will test buildReadme's default handling-behavior-behavior","         */","            options = {};","            local.buildReadme(options, onError);","        };","","        local.testCase_buildTest_default = local.testCase_buildTest_default || function (","            options,","            onError","        ) {","        /*","         * this function will test buildTest's default handling-behavior","         */","            options = {};","            local.buildTest(options, onError);","        };","","        local.testCase_webpage_default = local.testCase_webpage_default || function (","            options,","            onError","        ) {","        /*","         * this function will test webpage's default handling-behavior","         */","            options = { modeCoverageMerge: true, url: local.serverLocalHost + '?modeTest=1' };","            local.browserTest(options, onError);","        };","","        // run test-server","        local.testRunServer(local);","        break;","    }","}());",""],"l":{"12":2,"14":2,"19":2,"21":2,"23":2,"24":2,"25":2,"30":1,"37":2,"40":2,"43":1,"47":1,"50":1,"52":1,"55":2,"61":2,"62":2,"64":2,"70":1,"76":1,"82":2,"83":2,"85":2,"92":1,"95":1,"102":1,"109":1,"110":1,"113":1,"120":1,"121":1,"122":1,"123":1,"124":1,"125":1,"128":1,"133":2,"134":2,"137":1,"144":2,"145":2,"148":1,"155":2,"156":2,"159":1,"166":2,"167":2,"170":1,"177":1,"178":1,"182":1,"183":1}},"/home/travis/build/npmtest/node-npmtest-passwordless/lib.npmtest_passwordless.js":{"path":"/home/travis/build/npmtest/node-npmtest-passwordless/lib.npmtest_passwordless.js","s":{"1":2,"2":2,"3":2,"4":2,"5":2,"6":2,"7":2,"8":1,"9":2,"10":2,"11":2,"12":2,"13":1,"14":1,"15":1,"16":1},"b":{"1":[2,1,1,1],"2":[1,1,1,1],"3":[1,1],"4":[2,2],"5":[1,1]},"f":{"1":2,"2":2,"3":2},"fnMap":{"1":{"name":"(anonymous_1)","line":12,"loc":{"start":{"line":12,"column":1},"end":{"line":12,"column":13}}},"2":{"name":"(anonymous_2)","line":19,"loc":{"start":{"line":19,"column":5},"end":{"line":19,"column":17}}},"3":{"name":"(anonymous_3)","line":23,"loc":{"start":{"line":23,"column":24},"end":{"line":23,"column":36}}}},"statementMap":{"1":{"start":{"line":12,"column":0},"end":{"line":53,"column":5}},"2":{"start":{"line":14,"column":4},"end":{"line":14,"column":14}},"3":{"start":{"line":19,"column":4},"end":{"line":52,"column":9}},"4":{"start":{"line":21,"column":8},"end":{"line":21,"column":19}},"5":{"start":{"line":23,"column":8},"end":{"line":35,"column":13}},"6":{"start":{"line":24,"column":12},"end":{"line":34,"column":13}},"7":{"start":{"line":25,"column":16},"end":{"line":28,"column":30}},"8":{"start":{"line":30,"column":16},"end":{"line":33,"column":27}},"9":{"start":{"line":37,"column":8},"end":{"line":39,"column":21}},"10":{"start":{"line":41,"column":8},"end":{"line":41,"column":54}},"11":{"start":{"line":43,"column":8},"end":{"line":43,"column":57}},"12":{"start":{"line":45,"column":8},"end":{"line":51,"column":9}},"13":{"start":{"line":46,"column":12},"end":{"line":46,"column":63}},"14":{"start":{"line":48,"column":12},"end":{"line":48,"column":35}},"15":{"start":{"line":49,"column":12},"end":{"line":49,"column":49}},"16":{"start":{"line":50,"column":12},"end":{"line":50,"column":43}}},"branchMap":{"1":{"line":25,"type":"binary-expr","locations":[{"start":{"line":25,"column":23},"end":{"line":25,"column":62}},{"start":{"line":26,"column":20},"end":{"line":26,"column":70}},{"start":{"line":27,"column":20},"end":{"line":27,"column":71}},{"start":{"line":28,"column":20},"end":{"line":28,"column":29}}]},"2":{"line":30,"type":"binary-expr","locations":[{"start":{"line":30,"column":23},"end":{"line":30,"column":37}},{"start":{"line":31,"column":20},"end":{"line":31,"column":61}},{"start":{"line":32,"column":20},"end":{"line":32,"column":70}},{"start":{"line":33,"column":20},"end":{"line":33,"column":26}}]},"3":{"line":37,"type":"cond-expr","locations":[{"start":{"line":38,"column":14},"end":{"line":38,"column":20}},{"start":{"line":39,"column":14},"end":{"line":39,"column":20}}]},"4":{"line":41,"type":"binary-expr","locations":[{"start":{"line":41,"column":16},"end":{"line":41,"column":44}},{"start":{"line":41,"column":48},"end":{"line":41,"column":53}}]},"5":{"line":45,"type":"if","locations":[{"start":{"line":45,"column":8},"end":{"line":45,"column":8}},{"start":{"line":45,"column":8},"end":{"line":45,"column":8}}]}},"code":["/* istanbul instrument in package npmtest_passwordless */","/*jslint","    bitwise: true,","    browser: true,","    maxerr: 8,","    maxlen: 96,","    node: true,","    nomen: true,","    regexp: true,","    stupid: true","*/","(function () {","    'use strict';","    var local;","","","","    // run shared js-env code - pre-init","    (function () {","        // init local","        local = {};","        // init modeJs","        local.modeJs = (function () {","            try {","                return typeof navigator.userAgent === 'string' &&","                    typeof document.querySelector('body') === 'object' &&","                    typeof XMLHttpRequest.prototype.open === 'function' &&","                    'browser';","            } catch (errorCaughtBrowser) {","                return module.exports &&","                    typeof process.versions.node === 'string' &&","                    typeof require('http').createServer === 'function' &&","                    'node';","            }","        }());","        // init global","        local.global = local.modeJs === 'browser'","            ? window","            : global;","        // init utility2_rollup","        local = local.global.utility2_rollup || local;","        // init lib","        local.local = local.npmtest_passwordless = local;","        // init exports","        if (local.modeJs === 'browser') {","            local.global.utility2_npmtest_passwordless = local;","        } else {","            module.exports = local;","            module.exports.__dirname = __dirname;","            module.exports.module = module;","        }","    }());","}());",""],"l":{"12":2,"14":2,"19":2,"21":2,"23":2,"24":2,"25":2,"30":1,"37":2,"41":2,"43":2,"45":2,"46":1,"48":1,"49":1,"50":1}},"/home/travis/build/npmtest/node-npmtest-passwordless/example.js":{"path":"/home/travis/build/npmtest/node-npmtest-passwordless/example.js","s":{"1":2,"2":2,"3":2,"4":2,"5":2,"6":2,"7":2,"8":1,"9":2,"10":2,"11":2,"12":2,"13":1,"14":2,"15":2,"16":2,"17":2,"18":2,"19":0,"20":2,"21":1,"22":1,"23":1,"24":1,"25":1,"26":0,"27":0,"28":1,"29":1,"30":2,"31":0,"32":0,"33":0,"34":1,"35":2,"36":2,"37":2,"38":2,"39":2,"40":2,"41":0,"42":2,"43":2,"44":2,"45":1,"46":3,"47":1,"48":1,"49":1,"50":1,"51":1,"52":1,"53":1,"54":1,"55":1,"56":1,"57":0,"58":1,"59":6,"60":6,"61":1,"62":2,"63":0,"64":2,"65":1,"66":1,"67":0,"68":0,"69":0,"70":0,"71":0,"72":0,"73":0,"74":0,"75":0,"76":0,"77":0,"78":0,"79":0,"80":0,"81":0,"82":0,"83":0},"b":{"1":[2,1,1,1],"2":[1,1,1,1],"3":[1,1],"4":[2,2],"5":[1,1],"6":[1,1],"7":[2,0],"8":[2,1,1,1,1,1],"9":[0,2,0],"10":[1,1],"11":[2,1,1],"12":[1,0],"13":[0,2],"14":[2,0,0,0,0,0,0],"15":[0,2],"16":[2,0],"17":[1,1],"18":[0,1],"19":[1,2,0,2],"20":[1,0],"21":[1,1],"22":[0,0],"23":[0,0],"24":[0,0],"25":[0,0],"26":[0,0],"27":[0,0],"28":[0,0]},"f":{"1":2,"2":2,"3":2,"4":2,"5":2,"6":2,"7":2,"8":2,"9":3,"10":1,"11":6,"12":0},"fnMap":{"1":{"name":"(anonymous_1)","line":26,"loc":{"start":{"line":26,"column":1},"end":{"line":26,"column":13}}},"2":{"name":"(anonymous_2)","line":33,"loc":{"start":{"line":33,"column":5},"end":{"line":33,"column":17}}},"3":{"name":"(anonymous_3)","line":37,"loc":{"start":{"line":37,"column":24},"end":{"line":37,"column":36}}},"4":{"name":"(anonymous_4)","line":69,"loc":{"start":{"line":69,"column":31},"end":{"line":69,"column":48}},"skip":true},"5":{"name":"(anonymous_5)","line":78,"loc":{"start":{"line":78,"column":26},"end":{"line":78,"column":45}},"skip":true},"6":{"name":"(anonymous_6)","line":123,"loc":{"start":{"line":123,"column":33},"end":{"line":123,"column":48}},"skip":true},"7":{"name":"(anonymous_7)","line":125,"loc":{"start":{"line":125,"column":27},"end":{"line":125,"column":39}},"skip":true},"8":{"name":"(anonymous_8)","line":133,"loc":{"start":{"line":133,"column":59},"end":{"line":133,"column":74}},"skip":true},"9":{"name":"(anonymous_9)","line":143,"loc":{"start":{"line":143,"column":45},"end":{"line":143,"column":62}},"skip":true},"10":{"name":"(anonymous_10)","line":144,"loc":{"start":{"line":144,"column":73},"end":{"line":144,"column":92}},"skip":true},"11":{"name":"(anonymous_11)","line":272,"loc":{"start":{"line":272,"column":51},"end":{"line":272,"column":77}},"skip":true},"12":{"name":"(anonymous_12)","line":314,"loc":{"start":{"line":314,"column":32},"end":{"line":314,"column":61}},"skip":true}},"statementMap":{"1":{"start":{"line":26,"column":0},"end":{"line":325,"column":5}},"2":{"start":{"line":28,"column":4},"end":{"line":28,"column":14}},"3":{"start":{"line":33,"column":4},"end":{"line":60,"column":9}},"4":{"start":{"line":35,"column":8},"end":{"line":35,"column":19}},"5":{"start":{"line":37,"column":8},"end":{"line":49,"column":13}},"6":{"start":{"line":38,"column":12},"end":{"line":48,"column":13}},"7":{"start":{"line":39,"column":16},"end":{"line":42,"column":30}},"8":{"start":{"line":44,"column":16},"end":{"line":47,"column":27}},"9":{"start":{"line":51,"column":8},"end":{"line":53,"column":21}},"10":{"start":{"line":55,"column":8},"end":{"line":57,"column":45}},"11":{"start":{"line":59,"column":8},"end":{"line":59,"column":35}},"12":{"start":{"line":61,"column":4},"end":{"line":324,"column":5}},"13":{"start":{"line":69,"column":8},"end":{"line":121,"column":10},"skip":true},"14":{"start":{"line":70,"column":12},"end":{"line":88,"column":13},"skip":true},"15":{"start":{"line":76,"column":16},"end":{"line":87,"column":19},"skip":true},"16":{"start":{"line":79,"column":20},"end":{"line":86,"column":21},"skip":true},"17":{"start":{"line":82,"column":24},"end":{"line":82,"column":43},"skip":true},"18":{"start":{"line":83,"column":24},"end":{"line":83,"column":30},"skip":true},"19":{"start":{"line":85,"column":24},"end":{"line":85,"column":49},"skip":true},"20":{"start":{"line":89,"column":12},"end":{"line":107,"column":13},"skip":true},"21":{"start":{"line":92,"column":16},"end":{"line":102,"column":17},"skip":true},"22":{"start":{"line":93,"column":20},"end":{"line":93,"column":86},"skip":true},"23":{"start":{"line":94,"column":20},"end":{"line":95,"column":45},"skip":true},"24":{"start":{"line":96,"column":20},"end":{"line":96,"column":42},"skip":true},"25":{"start":{"line":97,"column":20},"end":{"line":97,"column":48},"skip":true},"26":{"start":{"line":100,"column":20},"end":{"line":100,"column":85},"skip":true},"27":{"start":{"line":101,"column":20},"end":{"line":101,"column":96},"skip":true},"28":{"start":{"line":103,"column":16},"end":{"line":103,"column":22},"skip":true},"29":{"start":{"line":106,"column":16},"end":{"line":106,"column":22},"skip":true},"30":{"start":{"line":108,"column":12},"end":{"line":120,"column":13},"skip":true},"31":{"start":{"line":114,"column":16},"end":{"line":119,"column":17},"skip":true},"32":{"start":{"line":116,"column":20},"end":{"line":116,"column":78},"skip":true},"33":{"start":{"line":118,"column":20},"end":{"line":118,"column":47},"skip":true},"34":{"start":{"line":123,"column":8},"end":{"line":141,"column":11},"skip":true},"35":{"start":{"line":124,"column":12},"end":{"line":124,"column":54},"skip":true},"36":{"start":{"line":125,"column":12},"end":{"line":140,"column":14},"skip":true},"37":{"start":{"line":126,"column":16},"end":{"line":126,"column":28},"skip":true},"38":{"start":{"line":127,"column":16},"end":{"line":127,"column":69},"skip":true},"39":{"start":{"line":128,"column":16},"end":{"line":128,"column":75},"skip":true},"40":{"start":{"line":129,"column":16},"end":{"line":131,"column":17},"skip":true},"41":{"start":{"line":130,"column":20},"end":{"line":130,"column":27},"skip":true},"42":{"start":{"line":133,"column":16},"end":{"line":137,"column":36},"skip":true},"43":{"start":{"line":134,"column":20},"end":{"line":136,"column":55},"skip":true},"44":{"start":{"line":139,"column":16},"end":{"line":139,"column":57},"skip":true},"45":{"start":{"line":143,"column":8},"end":{"line":147,"column":11},"skip":true},"46":{"start":{"line":144,"column":12},"end":{"line":146,"column":15},"skip":true},"47":{"start":{"line":145,"column":16},"end":{"line":145,"column":70},"skip":true},"48":{"start":{"line":149,"column":8},"end":{"line":149,"column":31},"skip":true},"49":{"start":{"line":150,"column":8},"end":{"line":150,"column":14},"skip":true},"50":{"start":{"line":158,"column":8},"end":{"line":158,"column":31},"skip":true},"51":{"start":{"line":160,"column":8},"end":{"line":160,"column":33},"skip":true},"52":{"start":{"line":161,"column":8},"end":{"line":161,"column":37},"skip":true},"53":{"start":{"line":162,"column":8},"end":{"line":162,"column":35},"skip":true},"54":{"start":{"line":164,"column":8},"end":{"line":164,"column":50},"skip":true},"55":{"start":{"line":166,"column":8},"end":{"line":256,"column":2},"skip":true},"56":{"start":{"line":258,"column":8},"end":{"line":286,"column":9},"skip":true},"57":{"start":{"line":259,"column":12},"end":{"line":269,"column":14},"skip":true},"58":{"start":{"line":271,"column":12},"end":{"line":285,"column":19},"skip":true},"59":{"start":{"line":274,"column":20},"end":{"line":274,"column":35},"skip":true},"60":{"start":{"line":275,"column":20},"end":{"line":284,"column":21},"skip":true},"61":{"start":{"line":277,"column":24},"end":{"line":277,"column":64},"skip":true},"62":{"start":{"line":279,"column":24},"end":{"line":279,"column":40},"skip":true},"63":{"start":{"line":281,"column":24},"end":{"line":281,"column":40},"skip":true},"64":{"start":{"line":283,"column":24},"end":{"line":283,"column":39},"skip":true},"65":{"start":{"line":288,"column":8},"end":{"line":290,"column":9},"skip":true},"66":{"start":{"line":289,"column":12},"end":{"line":289,"column":18},"skip":true},"67":{"start":{"line":291,"column":8},"end":{"line":293,"column":54},"skip":true},"68":{"start":{"line":294,"column":8},"end":{"line":301,"column":37},"skip":true},"69":{"start":{"line":302,"column":8},"end":{"line":302,"column":82},"skip":true},"70":{"start":{"line":305,"column":8},"end":{"line":307,"column":9},"skip":true},"71":{"start":{"line":306,"column":12},"end":{"line":306,"column":82},"skip":true},"72":{"start":{"line":309,"column":8},"end":{"line":311,"column":9},"skip":true},"73":{"start":{"line":310,"column":12},"end":{"line":310,"column":18},"skip":true},"74":{"start":{"line":312,"column":8},"end":{"line":312,"column":54},"skip":true},"75":{"start":{"line":313,"column":8},"end":{"line":313,"column":69},"skip":true},"76":{"start":{"line":314,"column":8},"end":{"line":322,"column":36},"skip":true},"77":{"start":{"line":315,"column":12},"end":{"line":315,"column":61},"skip":true},"78":{"start":{"line":316,"column":12},"end":{"line":319,"column":13},"skip":true},"79":{"start":{"line":317,"column":16},"end":{"line":317,"column":75},"skip":true},"80":{"start":{"line":318,"column":16},"end":{"line":318,"column":23},"skip":true},"81":{"start":{"line":320,"column":12},"end":{"line":320,"column":38},"skip":true},"82":{"start":{"line":321,"column":12},"end":{"line":321,"column":27},"skip":true},"83":{"start":{"line":323,"column":8},"end":{"line":323,"column":14},"skip":true}},"branchMap":{"1":{"line":39,"type":"binary-expr","locations":[{"start":{"line":39,"column":23},"end":{"line":39,"column":62}},{"start":{"line":40,"column":20},"end":{"line":40,"column":70}},{"start":{"line":41,"column":20},"end":{"line":41,"column":71}},{"start":{"line":42,"column":20},"end":{"line":42,"column":29}}]},"2":{"line":44,"type":"binary-expr","locations":[{"start":{"line":44,"column":23},"end":{"line":44,"column":37}},{"start":{"line":45,"column":20},"end":{"line":45,"column":61}},{"start":{"line":46,"column":20},"end":{"line":46,"column":70}},{"start":{"line":47,"column":20},"end":{"line":47,"column":26}}]},"3":{"line":51,"type":"cond-expr","locations":[{"start":{"line":52,"column":14},"end":{"line":52,"column":20}},{"start":{"line":53,"column":14},"end":{"line":53,"column":20}}]},"4":{"line":55,"type":"binary-expr","locations":[{"start":{"line":55,"column":16},"end":{"line":55,"column":44}},{"start":{"line":55,"column":49},"end":{"line":57,"column":43}}]},"5":{"line":55,"type":"cond-expr","locations":[{"start":{"line":56,"column":14},"end":{"line":56,"column":56}},{"start":{"line":57,"column":14},"end":{"line":57,"column":43}}]},"6":{"line":61,"type":"switch","locations":[{"start":{"line":68,"column":4},"end":{"line":150,"column":14},"skip":true},{"start":{"line":156,"column":4},"end":{"line":323,"column":14},"skip":true}]},"7":{"line":70,"type":"if","locations":[{"start":{"line":70,"column":12},"end":{"line":70,"column":12},"skip":true},{"start":{"line":70,"column":12},"end":{"line":70,"column":12},"skip":true}]},"8":{"line":70,"type":"binary-expr","locations":[{"start":{"line":70,"column":16},"end":{"line":70,"column":22},"skip":true},{"start":{"line":70,"column":27},"end":{"line":70,"column":32},"skip":true},{"start":{"line":71,"column":20},"end":{"line":71,"column":39},"skip":true},{"start":{"line":72,"column":20},"end":{"line":72,"column":49},"skip":true},{"start":{"line":73,"column":20},"end":{"line":73,"column":58},"skip":true},{"start":{"line":74,"column":20},"end":{"line":74,"column":69},"skip":true}]},"9":{"line":79,"type":"switch","locations":[{"start":{"line":80,"column":20},"end":{"line":80,"column":33},"skip":true},{"start":{"line":81,"column":20},"end":{"line":83,"column":30},"skip":true},{"start":{"line":84,"column":20},"end":{"line":85,"column":49},"skip":true}]},"10":{"line":89,"type":"switch","locations":[{"start":{"line":90,"column":12},"end":{"line":103,"column":22},"skip":true},{"start":{"line":105,"column":12},"end":{"line":106,"column":22},"skip":true}]},"11":{"line":89,"type":"binary-expr","locations":[{"start":{"line":89,"column":20},"end":{"line":89,"column":25},"skip":true},{"start":{"line":89,"column":29},"end":{"line":89,"column":48},"skip":true},{"start":{"line":89,"column":52},"end":{"line":89,"column":74},"skip":true}]},"12":{"line":92,"type":"if","locations":[{"start":{"line":92,"column":16},"end":{"line":92,"column":16},"skip":true},{"start":{"line":92,"column":16},"end":{"line":92,"column":16},"skip":true}]},"13":{"line":108,"type":"if","locations":[{"start":{"line":108,"column":12},"end":{"line":108,"column":12},"skip":true},{"start":{"line":108,"column":12},"end":{"line":108,"column":12},"skip":true}]},"14":{"line":108,"type":"binary-expr","locations":[{"start":{"line":108,"column":16},"end":{"line":108,"column":61},"skip":true},{"start":{"line":108,"column":66},"end":{"line":108,"column":72},"skip":true},{"start":{"line":108,"column":77},"end":{"line":108,"column":82},"skip":true},{"start":{"line":109,"column":20},"end":{"line":109,"column":39},"skip":true},{"start":{"line":110,"column":20},"end":{"line":110,"column":49},"skip":true},{"start":{"line":111,"column":20},"end":{"line":111,"column":58},"skip":true},{"start":{"line":112,"column":20},"end":{"line":112,"column":68},"skip":true}]},"15":{"line":129,"type":"if","locations":[{"start":{"line":129,"column":16},"end":{"line":129,"column":16},"skip":true},{"start":{"line":129,"column":16},"end":{"line":129,"column":16},"skip":true}]},"16":{"line":134,"type":"cond-expr","locations":[{"start":{"line":135,"column":26},"end":{"line":135,"column":29},"skip":true},{"start":{"line":136,"column":26},"end":{"line":136,"column":54},"skip":true}]},"17":{"line":164,"type":"binary-expr","locations":[{"start":{"line":164,"column":27},"end":{"line":164,"column":43},"skip":true},{"start":{"line":164,"column":47},"end":{"line":164,"column":49},"skip":true}]},"18":{"line":258,"type":"if","locations":[{"start":{"line":258,"column":8},"end":{"line":258,"column":8},"skip":true},{"start":{"line":258,"column":8},"end":{"line":258,"column":8},"skip":true}]},"19":{"line":275,"type":"switch","locations":[{"start":{"line":276,"column":20},"end":{"line":277,"column":64},"skip":true},{"start":{"line":278,"column":20},"end":{"line":279,"column":40},"skip":true},{"start":{"line":280,"column":20},"end":{"line":281,"column":40},"skip":true},{"start":{"line":282,"column":20},"end":{"line":283,"column":39},"skip":true}]},"20":{"line":288,"type":"if","locations":[{"start":{"line":288,"column":8},"end":{"line":288,"column":8},"skip":true},{"start":{"line":288,"column":8},"end":{"line":288,"column":8},"skip":true}]},"21":{"line":288,"type":"binary-expr","locations":[{"start":{"line":288,"column":12},"end":{"line":288,"column":40},"skip":true},{"start":{"line":288,"column":44},"end":{"line":288,"column":67},"skip":true}]},"22":{"line":292,"type":"binary-expr","locations":[{"start":{"line":292,"column":12},"end":{"line":292,"column":50},"skip":true},{"start":{"line":293,"column":12},"end":{"line":293,"column":53},"skip":true}]},"23":{"line":295,"type":"binary-expr","locations":[{"start":{"line":295,"column":12},"end":{"line":295,"column":70},"skip":true},{"start":{"line":296,"column":12},"end":{"line":301,"column":36},"skip":true}]},"24":{"line":302,"type":"binary-expr","locations":[{"start":{"line":302,"column":43},"end":{"line":302,"column":75},"skip":true},{"start":{"line":302,"column":79},"end":{"line":302,"column":81},"skip":true}]},"25":{"line":305,"type":"if","locations":[{"start":{"line":305,"column":8},"end":{"line":305,"column":8},"skip":true},{"start":{"line":305,"column":8},"end":{"line":305,"column":8},"skip":true}]},"26":{"line":309,"type":"if","locations":[{"start":{"line":309,"column":8},"end":{"line":309,"column":8},"skip":true},{"start":{"line":309,"column":8},"end":{"line":309,"column":8},"skip":true}]},"27":{"line":312,"type":"binary-expr","locations":[{"start":{"line":312,"column":27},"end":{"line":312,"column":43},"skip":true},{"start":{"line":312,"column":47},"end":{"line":312,"column":53},"skip":true}]},"28":{"line":316,"type":"if","locations":[{"start":{"line":316,"column":12},"end":{"line":316,"column":12},"skip":true},{"start":{"line":316,"column":12},"end":{"line":316,"column":12},"skip":true}]}},"code":["/*","example.js","","quickstart example","","instruction","    1. save this script as example.js","    2. run the shell command:","        $ npm install npmtest-passwordless && PORT=8081 node example.js","    3. play with the browser-demo on http://127.0.0.1:8081","*/","","","","/* istanbul instrument in package npmtest_passwordless */","/*jslint","    bitwise: true,","    browser: true,","    maxerr: 8,","    maxlen: 96,","    node: true,","    nomen: true,","    regexp: true,","    stupid: true","*/","(function () {","    'use strict';","    var local;","","","","    // run shared js-env code - pre-init","    (function () {","        // init local","        local = {};","        // init modeJs","        local.modeJs = (function () {","            try {","                return typeof navigator.userAgent === 'string' &&","                    typeof document.querySelector('body') === 'object' &&","                    typeof XMLHttpRequest.prototype.open === 'function' &&","                    'browser';","            } catch (errorCaughtBrowser) {","                return module.exports &&","                    typeof process.versions.node === 'string' &&","                    typeof require('http').createServer === 'function' &&","                    'node';","            }","        }());","        // init global","        local.global = local.modeJs === 'browser'","            ? window","            : global;","        // init utility2_rollup","        local = local.global.utility2_rollup || (local.modeJs === 'browser'","            ? local.global.utility2_npmtest_passwordless","            : global.utility2_moduleExports);","        // export local","        local.global.local = local;","    }());","    switch (local.modeJs) {","","","","    // post-init","    // run browser js-env code - post-init","    /* istanbul ignore next */","    case 'browser':","        local.testRunBrowser = function (event) {","            if (!event || (event &&","                    event.currentTarget &&","                    event.currentTarget.className &&","                    event.currentTarget.className.includes &&","                    event.currentTarget.className.includes('onreset'))) {","                // reset output","                Array.from(","                    document.querySelectorAll('body > .resettable')","                ).forEach(function (element) {","                    switch (element.tagName) {","                    case 'INPUT':","                    case 'TEXTAREA':","                        element.value = '';","                        break;","                    default:","                        element.textContent = '';","                    }","                });","            }","            switch (event && event.currentTarget && event.currentTarget.id) {","            case 'testRunButton1':","                // show tests","                if (document.querySelector('#testReportDiv1').style.display === 'none') {","                    document.querySelector('#testReportDiv1').style.display = 'block';","                    document.querySelector('#testRunButton1').textContent =","                        'hide internal test';","                    local.modeTest = true;","                    local.testRunDefault(local);","                // hide tests","                } else {","                    document.querySelector('#testReportDiv1').style.display = 'none';","                    document.querySelector('#testRunButton1').textContent = 'run internal test';","                }","                break;","            // custom-case","            default:","                break;","            }","            if (document.querySelector('#inputTextareaEval1') && (!event || (event &&","                    event.currentTarget &&","                    event.currentTarget.className &&","                    event.currentTarget.className.includes &&","                    event.currentTarget.className.includes('oneval')))) {","                // try to eval input-code","                try {","                    /*jslint evil: true*/","                    eval(document.querySelector('#inputTextareaEval1').value);","                } catch (errorCaught) {","                    console.error(errorCaught);","                }","            }","        };","        // log stderr and stdout to #outputTextareaStdout1","        ['error', 'log'].forEach(function (key) {","            console[key + '_original'] = console[key];","            console[key] = function () {","                var element;","                console[key + '_original'].apply(console, arguments);","                element = document.querySelector('#outputTextareaStdout1');","                if (!element) {","                    return;","                }","                // append text to #outputTextareaStdout1","                element.value += Array.from(arguments).map(function (arg) {","                    return typeof arg === 'string'","                        ? arg","                        : JSON.stringify(arg, null, 4);","                }).join(' ') + '\\n';","                // scroll textarea to bottom","                element.scrollTop = element.scrollHeight;","            };","        });","        // init event-handling","        ['change', 'click', 'keyup'].forEach(function (event) {","            Array.from(document.querySelectorAll('.on' + event)).forEach(function (element) {","                element.addEventListener(event, local.testRunBrowser);","            });","        });","        // run tests","        local.testRunBrowser();","        break;","","","","    // run node js-env code - post-init","    /* istanbul ignore next */","    case 'node':","        // export local","        module.exports = local;","        // require modules","        local.fs = require('fs');","        local.http = require('http');","        local.url = require('url');","        // init assets","        local.assetsDict = local.assetsDict || {};","        /* jslint-ignore-begin */","        local.assetsDict['/assets.index.template.html'] = '\\","<!doctype html>\\n\\","<html lang=\"en\">\\n\\","<head>\\n\\","<meta charset=\"UTF-8\">\\n\\","<meta name=\"viewport\" content=\"width=device-width, initial-scale=1\">\\n\\","<title>{{env.npm_package_name}} (v{{env.npm_package_version}})</title>\\n\\","<style>\\n\\","/*csslint\\n\\","    box-sizing: false,\\n\\","    universal-selector: false\\n\\","*/\\n\\","* {\\n\\","    box-sizing: border-box;\\n\\","}\\n\\","body {\\n\\","    background: #dde;\\n\\","    font-family: Arial, Helvetica, sans-serif;\\n\\","    margin: 2rem;\\n\\","}\\n\\","body > * {\\n\\","    margin-bottom: 1rem;\\n\\","}\\n\\",".utility2FooterDiv {\\n\\","    margin-top: 20px;\\n\\","    text-align: center;\\n\\","}\\n\\","</style>\\n\\","<style>\\n\\","/*csslint\\n\\","*/\\n\\","textarea {\\n\\","    font-family: monospace;\\n\\","    height: 10rem;\\n\\","    width: 100%;\\n\\","}\\n\\","textarea[readonly] {\\n\\","    background: #ddd;\\n\\","}\\n\\","</style>\\n\\","</head>\\n\\","<body>\\n\\","<!-- utility2-comment\\n\\","<div id=\"ajaxProgressDiv1\" style=\"background: #d00; height: 2px; left: 0; margin: 0; padding: 0; position: fixed; top: 0; transition: background 0.5s, width 1.5s; width: 25%;\"></div>\\n\\","utility2-comment -->\\n\\","<h1>\\n\\","<!-- utility2-comment\\n\\","    <a\\n\\","        {{#if env.npm_package_homepage}}\\n\\","        href=\"{{env.npm_package_homepage}}\"\\n\\","        {{/if env.npm_package_homepage}}\\n\\","        target=\"_blank\"\\n\\","    >\\n\\","utility2-comment -->\\n\\","        {{env.npm_package_name}} (v{{env.npm_package_version}})\\n\\","<!-- utility2-comment\\n\\","    </a>\\n\\","utility2-comment -->\\n\\","</h1>\\n\\","<h3>{{env.npm_package_description}}</h3>\\n\\","<!-- utility2-comment\\n\\","<h4><a download href=\"assets.app.js\">download standalone app</a></h4>\\n\\","<button class=\"onclick onreset\" id=\"testRunButton1\">run internal test</button><br>\\n\\","<div id=\"testReportDiv1\" style=\"display: none;\"></div>\\n\\","utility2-comment -->\\n\\","\\n\\","\\n\\","\\n\\","<label>stderr and stdout</label>\\n\\","<textarea class=\"resettable\" id=\"outputTextareaStdout1\" readonly></textarea>\\n\\","<!-- utility2-comment\\n\\","{{#if isRollup}}\\n\\","<script src=\"assets.app.js\"></script>\\n\\","{{#unless isRollup}}\\n\\","utility2-comment -->\\n\\","<script src=\"assets.utility2.rollup.js\"></script>\\n\\","<script src=\"jsonp.utility2._stateInit?callback=window.utility2._stateInit\"></script>\\n\\","<script src=\"assets.npmtest_passwordless.rollup.js\"></script>\\n\\","<script src=\"assets.example.js\"></script>\\n\\","<script src=\"assets.test.js\"></script>\\n\\","<!-- utility2-comment\\n\\","{{/if isRollup}}\\n\\","utility2-comment -->\\n\\","<div class=\"utility2FooterDiv\">\\n\\","    [ this app was created with\\n\\","    <a href=\"https://github.com/kaizhu256/node-utility2\" target=\"_blank\">utility2</a>\\n\\","    ]\\n\\","</div>\\n\\","</body>\\n\\","</html>\\n\\","';","        /* jslint-ignore-end */","        if (local.templateRender) {","            local.assetsDict['/'] = local.templateRender(","                local.assetsDict['/assets.index.template.html'],","                {","                    env: local.objectSetDefault(local.env, {","                        npm_package_description: 'the greatest app in the world!',","                        npm_package_name: 'my-app',","                        npm_package_nameAlias: 'my_app',","                        npm_package_version: '0.0.1'","                    })","                }","            );","        } else {","            local.assetsDict['/'] = local.assetsDict['/assets.index.template.html']","                .replace((/\\{\\{env\\.(\\w+?)\\}\\}/g), function (match0, match1) {","                    // jslint-hack","                    String(match0);","                    switch (match1) {","                    case 'npm_package_description':","                        return 'the greatest app in the world!';","                    case 'npm_package_name':","                        return 'my-app';","                    case 'npm_package_nameAlias':","                        return 'my_app';","                    case 'npm_package_version':","                        return '0.0.1';","                    }","                });","        }","        // run the cli","        if (local.global.utility2_rollup || module !== require.main) {","            break;","        }","        local.assetsDict['/assets.example.js'] =","            local.assetsDict['/assets.example.js'] ||","            local.fs.readFileSync(__filename, 'utf8');","        local.assetsDict['/assets.npmtest_passwordless.rollup.js'] =","            local.assetsDict['/assets.npmtest_passwordless.rollup.js'] ||","            local.fs.readFileSync(","                // buildCustomOrg-hack","                local.npmtest_passwordless.__dirname +","                    '/lib.npmtest_passwordless.js',","                'utf8'","            ).replace((/^#!/), '//');","        local.assetsDict['/favicon.ico'] = local.assetsDict['/favicon.ico'] || '';","        // if $npm_config_timeout_exit exists,","        // then exit this process after $npm_config_timeout_exit ms","        if (Number(process.env.npm_config_timeout_exit)) {","            setTimeout(process.exit, Number(process.env.npm_config_timeout_exit));","        }","        // start server","        if (local.global.utility2_serverHttp1) {","            break;","        }","        process.env.PORT = process.env.PORT || '8081';","        console.error('server starting on port ' + process.env.PORT);","        local.http.createServer(function (request, response) {","            request.urlParsed = local.url.parse(request.url);","            if (local.assetsDict[request.urlParsed.pathname] !== undefined) {","                response.end(local.assetsDict[request.urlParsed.pathname]);","                return;","            }","            response.statusCode = 404;","            response.end();","        }).listen(process.env.PORT);","        break;","    }","}());",""],"l":{"26":2,"28":2,"33":2,"35":2,"37":2,"38":2,"39":2,"44":1,"51":2,"55":2,"59":2,"61":2,"69":1,"70":2,"76":2,"79":2,"82":2,"83":2,"85":1,"89":2,"92":1,"93":1,"94":1,"96":1,"97":1,"100":1,"101":1,"103":1,"106":1,"108":2,"114":1,"116":1,"118":1,"123":1,"124":2,"125":2,"126":2,"127":2,"128":2,"129":2,"130":1,"133":2,"134":2,"139":2,"143":1,"144":3,"145":1,"149":1,"150":1,"158":1,"160":1,"161":1,"162":1,"164":1,"166":1,"258":1,"259":1,"271":1,"274":6,"275":6,"277":1,"279":2,"281":1,"283":2,"288":1,"289":1,"291":1,"294":1,"302":1,"305":1,"306":1,"309":1,"310":1,"312":1,"313":1,"314":1,"315":1,"316":1,"317":1,"318":1,"320":1,"321":1,"323":1}},"/home/travis/build/npmtest/node-npmtest-passwordless/node_modules/passwordless/index.js":{"path":"/home/travis/build/npmtest/node-npmtest-passwordless/node_modules/passwordless/index.js","s":{"1":1},"b":{},"f":{},"fnMap":{},"statementMap":{"1":{"start":{"line":3,"column":0},"end":{"line":3,"column":34}}},"branchMap":{},"code":["'use strict';","","module.exports = require('./lib');"],"l":{"3":1}},"/home/travis/build/npmtest/node-npmtest-passwordless/node_modules/passwordless/lib/index.js":{"path":"/home/travis/build/npmtest/node-npmtest-passwordless/node_modules/passwordless/lib/index.js","s":{"1":1,"2":1,"3":1},"b":{},"f":{},"fnMap":{},"statementMap":{"1":{"start":{"line":3,"column":0},"end":{"line":3,"column":58}},"2":{"start":{"line":5,"column":0},"end":{"line":5,"column":36}},"3":{"start":{"line":6,"column":0},"end":{"line":6,"column":43}}},"branchMap":{},"code":["'use strict';","","var Passwordless = require('./passwordless/passwordless');","","module.exports = new Passwordless();","module.exports.Passwordless = Passwordless;",""],"l":{"3":1,"5":1,"6":1}},"/home/travis/build/npmtest/node-npmtest-passwordless/node_modules/passwordless/lib/passwordless/passwordless.js":{"path":"/home/travis/build/npmtest/node-npmtest-passwordless/node_modules/passwordless/lib/passwordless/passwordless.js","s":{"1":1,"2":1,"3":1,"4":1,"5":1,"6":1,"7":1,"8":1,"9":1,"10":0,"11":0,"12":0,"13":0,"14":0,"15":0,"16":0,"17":1,"18":0,"19":0,"20":0,"21":0,"22":0,"23":0,"24":0,"25":0,"26":0,"27":0,"28":0,"29":0,"30":0,"31":0,"32":0,"33":0,"34":0,"35":0,"36":0,"37":0,"38":0,"39":0,"40":0,"41":0,"42":0,"43":0,"44":0,"45":0,"46":0,"47":0,"48":0,"49":0,"50":0,"51":0,"52":0,"53":0,"54":0,"55":0,"56":0,"57":0,"58":0,"59":0,"60":0,"61":1,"62":0,"63":0,"64":0,"65":0,"66":0,"67":0,"68":0,"69":0,"70":0,"71":0,"72":0,"73":0,"74":0,"75":0,"76":0,"77":0,"78":0,"79":0,"80":0,"81":0,"82":0,"83":0,"84":1,"85":0,"86":0,"87":0,"88":0,"89":0,"90":0,"91":0,"92":0,"93":0,"94":0,"95":0,"96":0,"97":0,"98":1,"99":0,"100":0,"101":0,"102":0,"103":0,"104":0,"105":0,"106":1,"107":0,"108":0,"109":0,"110":0,"111":0,"112":0,"113":0,"114":0,"115":0,"116":0,"117":0,"118":0,"119":0,"120":0,"121":0,"122":0,"123":0,"124":0,"125":0,"126":0,"127":0,"128":0,"129":0,"130":0,"131":0,"132":0,"133":0,"134":0,"135":0,"136":0,"137":0,"138":0,"139":0,"140":0,"141":0,"142":0,"143":0,"144":0,"145":0,"146":0,"147":0,"148":0,"149":0,"150":0,"151":0,"152":0,"153":0,"154":0,"155":0,"156":0,"157":0,"158":0,"159":0,"160":0,"161":0,"162":0,"163":0,"164":0,"165":0,"166":0,"167":0,"168":0,"169":0,"170":0,"171":0,"172":0,"173":1,"174":0,"175":0,"176":0,"177":0,"178":0,"179":0,"180":0,"181":0,"182":0,"183":0,"184":0,"185":0,"186":0,"187":0,"188":0,"189":0,"190":0,"191":0,"192":0,"193":0,"194":0,"195":0,"196":0,"197":1,"198":0,"199":0,"200":0,"201":0,"202":1,"203":0,"204":0,"205":0,"206":0,"207":0,"208":0,"209":1,"210":0,"211":0,"212":0,"213":0,"214":1,"215":0,"216":0,"217":1},"b":{"1":[0,0],"2":[0,0],"3":[0,0],"4":[0,0],"5":[0,0],"6":[0,0],"7":[0,0],"8":[0,0],"9":[0,0],"10":[0,0,0],"11":[0,0],"12":[0,0],"13":[0,0],"14":[0,0],"15":[0,0,0],"16":[0,0],"17":[0,0],"18":[0,0],"19":[0,0],"20":[0,0],"21":[0,0],"22":[0,0],"23":[0,0],"24":[0,0],"25":[0,0],"26":[0,0],"27":[0,0],"28":[0,0],"29":[0,0],"30":[0,0],"31":[0,0],"32":[0,0],"33":[0,0],"34":[0,0],"35":[0,0],"36":[0,0],"37":[0,0],"38":[0,0],"39":[0,0],"40":[0,0],"41":[0,0],"42":[0,0],"43":[0,0],"44":[0,0],"45":[0,0],"46":[0,0],"47":[0,0],"48":[0,0],"49":[0,0],"50":[0,0],"51":[0,0],"52":[0,0],"53":[0,0],"54":[0,0],"55":[0,0,0],"56":[0,0],"57":[0,0],"58":[0,0],"59":[0,0],"60":[0,0],"61":[0,0],"62":[0,0],"63":[0,0],"64":[0,0],"65":[0,0],"66":[0,0],"67":[0,0],"68":[0,0],"69":[0,0],"70":[0,0],"71":[0,0],"72":[0,0],"73":[0,0],"74":[0,0],"75":[0,0],"76":[0,0],"77":[0,0],"78":[0,0],"79":[0,0],"80":[0,0],"81":[0,0],"82":[0,0],"83":[0,0],"84":[0,0],"85":[0,0],"86":[0,0,0,0],"87":[0,0],"88":[0,0,0,0,0,0,0],"89":[0,0],"90":[0,0],"91":[0,0],"92":[0,0],"93":[0,0],"94":[0,0],"95":[0,0],"96":[0,0],"97":[0,0],"98":[0,0],"99":[0,0],"100":[0,0]},"f":{"1":1,"2":0,"3":0,"4":0,"5":0,"6":0,"7":0,"8":0,"9":0,"10":0,"11":0,"12":0,"13":0,"14":0,"15":0,"16":0,"17":0,"18":0,"19":0,"20":0,"21":0,"22":0,"23":0,"24":0,"25":0,"26":0,"27":0},"fnMap":{"1":{"name":"Passwordless","line":15,"loc":{"start":{"line":15,"column":0},"end":{"line":15,"column":24}}},"2":{"name":"(anonymous_2)","line":39,"loc":{"start":{"line":39,"column":30},"end":{"line":39,"column":60}}},"3":{"name":"(anonymous_3)","line":95,"loc":{"start":{"line":95,"column":37},"end":{"line":95,"column":55}}},"4":{"name":"(anonymous_4)","line":98,"loc":{"start":{"line":98,"column":8},"end":{"line":98,"column":33}}},"5":{"name":"(anonymous_5)","line":121,"loc":{"start":{"line":121,"column":56},"end":{"line":121,"column":89}}},"6":{"name":"(anonymous_6)","line":123,"loc":{"start":{"line":123,"column":19},"end":{"line":123,"column":30}}},"7":{"name":"(anonymous_7)","line":146,"loc":{"start":{"line":146,"column":43},"end":{"line":146,"column":57}}},"8":{"name":"(anonymous_8)","line":200,"loc":{"start":{"line":200,"column":36},"end":{"line":200,"column":54}}},"9":{"name":"(anonymous_9)","line":202,"loc":{"start":{"line":202,"column":8},"end":{"line":202,"column":33}}},"10":{"name":"(anonymous_10)","line":256,"loc":{"start":{"line":256,"column":32},"end":{"line":256,"column":50}}},"11":{"name":"(anonymous_11)","line":258,"loc":{"start":{"line":258,"column":8},"end":{"line":258,"column":33}}},"12":{"name":"(anonymous_12)","line":263,"loc":{"start":{"line":263,"column":60},"end":{"line":263,"column":71}}},"13":{"name":"(anonymous_13)","line":298,"loc":{"start":{"line":298,"column":40},"end":{"line":298,"column":51}}},"14":{"name":"(anonymous_14)","line":300,"loc":{"start":{"line":300,"column":8},"end":{"line":300,"column":33}}},"15":{"name":"(anonymous_15)","line":379,"loc":{"start":{"line":379,"column":38},"end":{"line":379,"column":67}}},"16":{"name":"(anonymous_16)","line":383,"loc":{"start":{"line":383,"column":8},"end":{"line":383,"column":33}}},"17":{"name":"(anonymous_17)","line":384,"loc":{"start":{"line":384,"column":18},"end":{"line":384,"column":53}}},"18":{"name":"(anonymous_18)","line":443,"loc":{"start":{"line":443,"column":28},"end":{"line":443,"column":52}}},"19":{"name":"(anonymous_19)","line":459,"loc":{"start":{"line":459,"column":71},"end":{"line":459,"column":92}}},"20":{"name":"(anonymous_20)","line":463,"loc":{"start":{"line":463,"column":49},"end":{"line":463,"column":73}}},"21":{"name":"(anonymous_21)","line":538,"loc":{"start":{"line":538,"column":37},"end":{"line":538,"column":72}}},"22":{"name":"(anonymous_22)","line":584,"loc":{"start":{"line":584,"column":34},"end":{"line":584,"column":62}}},"23":{"name":"(anonymous_23)","line":601,"loc":{"start":{"line":601,"column":50},"end":{"line":601,"column":83}}},"24":{"name":"(anonymous_24)","line":605,"loc":{"start":{"line":605,"column":19},"end":{"line":605,"column":33}}},"25":{"name":"(anonymous_25)","line":623,"loc":{"start":{"line":623,"column":40},"end":{"line":623,"column":62}}},"26":{"name":"(anonymous_26)","line":625,"loc":{"start":{"line":625,"column":8},"end":{"line":625,"column":19}}},"27":{"name":"(anonymous_27)","line":640,"loc":{"start":{"line":640,"column":46},"end":{"line":640,"column":60}}}},"statementMap":{"1":{"start":{"line":3,"column":0},"end":{"line":3,"column":25}},"2":{"start":{"line":4,"column":0},"end":{"line":4,"column":31}},"3":{"start":{"line":5,"column":0},"end":{"line":5,"column":29}},"4":{"start":{"line":15,"column":0},"end":{"line":20,"column":1}},"5":{"start":{"line":16,"column":1},"end":{"line":16,"column":30}},"6":{"start":{"line":17,"column":1},"end":{"line":17,"column":32}},"7":{"start":{"line":18,"column":1},"end":{"line":18,"column":28}},"8":{"start":{"line":19,"column":1},"end":{"line":19,"column":35}},"9":{"start":{"line":39,"column":0},"end":{"line":49,"column":1}},"10":{"start":{"line":40,"column":1},"end":{"line":40,"column":25}},"11":{"start":{"line":41,"column":1},"end":{"line":43,"column":2}},"12":{"start":{"line":42,"column":2},"end":{"line":42,"column":50}},"13":{"start":{"line":45,"column":1},"end":{"line":45,"column":31}},"14":{"start":{"line":46,"column":1},"end":{"line":46,"column":77}},"15":{"start":{"line":47,"column":1},"end":{"line":47,"column":49}},"16":{"start":{"line":48,"column":1},"end":{"line":48,"column":76}},"17":{"start":{"line":95,"column":0},"end":{"line":169,"column":1}},"18":{"start":{"line":96,"column":1},"end":{"line":96,"column":17}},"19":{"start":{"line":97,"column":1},"end":{"line":97,"column":25}},"20":{"start":{"line":98,"column":1},"end":{"line":168,"column":2}},"21":{"start":{"line":99,"column":2},"end":{"line":101,"column":3}},"22":{"start":{"line":100,"column":3},"end":{"line":100,"column":105}},"23":{"start":{"line":103,"column":2},"end":{"line":103,"column":71}},"24":{"start":{"line":104,"column":2},"end":{"line":104,"column":63}},"25":{"start":{"line":106,"column":2},"end":{"line":106,"column":63}},"26":{"start":{"line":107,"column":2},"end":{"line":114,"column":3}},"27":{"start":{"line":108,"column":3},"end":{"line":113,"column":4}},"28":{"start":{"line":109,"column":4},"end":{"line":109,"column":144}},"29":{"start":{"line":110,"column":10},"end":{"line":113,"column":4}},"30":{"start":{"line":111,"column":4},"end":{"line":111,"column":33}},"31":{"start":{"line":112,"column":4},"end":{"line":112,"column":29}},"32":{"start":{"line":116,"column":2},"end":{"line":118,"column":3}},"33":{"start":{"line":117,"column":3},"end":{"line":117,"column":94}},"34":{"start":{"line":120,"column":2},"end":{"line":167,"column":3}},"35":{"start":{"line":121,"column":3},"end":{"line":164,"column":6}},"36":{"start":{"line":122,"column":4},"end":{"line":163,"column":5}},"37":{"start":{"line":123,"column":5},"end":{"line":142,"column":6}},"38":{"start":{"line":125,"column":6},"end":{"line":125,"column":36}},"39":{"start":{"line":126,"column":6},"end":{"line":128,"column":7}},"40":{"start":{"line":127,"column":7},"end":{"line":127,"column":58}},"41":{"start":{"line":129,"column":6},"end":{"line":131,"column":7}},"42":{"start":{"line":130,"column":7},"end":{"line":130,"column":63}},"43":{"start":{"line":132,"column":6},"end":{"line":135,"column":7}},"44":{"start":{"line":134,"column":7},"end":{"line":134,"column":70}},"45":{"start":{"line":136,"column":6},"end":{"line":140,"column":7}},"46":{"start":{"line":139,"column":7},"end":{"line":139,"column":85}},"47":{"start":{"line":141,"column":6},"end":{"line":141,"column":13}},"48":{"start":{"line":145,"column":5},"end":{"line":155,"column":6}},"49":{"start":{"line":146,"column":6},"end":{"line":152,"column":8}},"50":{"start":{"line":147,"column":7},"end":{"line":151,"column":8}},"51":{"start":{"line":148,"column":8},"end":{"line":148,"column":60}},"52":{"start":{"line":150,"column":8},"end":{"line":150,"column":18}},"53":{"start":{"line":154,"column":6},"end":{"line":154,"column":16}},"54":{"start":{"line":156,"column":11},"end":{"line":163,"column":5}},"55":{"start":{"line":157,"column":5},"end":{"line":157,"column":55}},"56":{"start":{"line":158,"column":11},"end":{"line":163,"column":5}},"57":{"start":{"line":159,"column":5},"end":{"line":159,"column":53}},"58":{"start":{"line":160,"column":5},"end":{"line":160,"column":12}},"59":{"start":{"line":162,"column":5},"end":{"line":162,"column":12}},"60":{"start":{"line":166,"column":3},"end":{"line":166,"column":10}},"61":{"start":{"line":200,"column":0},"end":{"line":236,"column":1}},"62":{"start":{"line":201,"column":1},"end":{"line":201,"column":17}},"63":{"start":{"line":202,"column":1},"end":{"line":235,"column":2}},"64":{"start":{"line":203,"column":2},"end":{"line":205,"column":3}},"65":{"start":{"line":204,"column":3},"end":{"line":204,"column":17}},"66":{"start":{"line":208,"column":2},"end":{"line":208,"column":26}},"67":{"start":{"line":209,"column":2},"end":{"line":234,"column":5}},"68":{"start":{"line":210,"column":3},"end":{"line":210,"column":23}},"69":{"start":{"line":211,"column":3},"end":{"line":217,"column":4}},"70":{"start":{"line":212,"column":4},"end":{"line":212,"column":81}},"71":{"start":{"line":213,"column":4},"end":{"line":215,"column":5}},"72":{"start":{"line":214,"column":5},"end":{"line":214,"column":22}},"73":{"start":{"line":216,"column":4},"end":{"line":216,"column":82}},"74":{"start":{"line":219,"column":3},"end":{"line":225,"column":4}},"75":{"start":{"line":220,"column":4},"end":{"line":224,"column":5}},"76":{"start":{"line":221,"column":5},"end":{"line":221,"column":95}},"77":{"start":{"line":223,"column":5},"end":{"line":223,"column":53}},"78":{"start":{"line":227,"column":3},"end":{"line":227,"column":87}},"79":{"start":{"line":228,"column":9},"end":{"line":234,"column":5}},"80":{"start":{"line":229,"column":3},"end":{"line":229,"column":74}},"81":{"start":{"line":230,"column":9},"end":{"line":234,"column":5}},"82":{"start":{"line":231,"column":3},"end":{"line":231,"column":73}},"83":{"start":{"line":233,"column":3},"end":{"line":233,"column":41}},"84":{"start":{"line":256,"column":0},"end":{"line":278,"column":1}},"85":{"start":{"line":257,"column":1},"end":{"line":257,"column":17}},"86":{"start":{"line":258,"column":1},"end":{"line":277,"column":2}},"87":{"start":{"line":259,"column":2},"end":{"line":261,"column":3}},"88":{"start":{"line":260,"column":3},"end":{"line":260,"column":35}},"89":{"start":{"line":262,"column":2},"end":{"line":276,"column":3}},"90":{"start":{"line":263,"column":3},"end":{"line":273,"column":6}},"91":{"start":{"line":264,"column":4},"end":{"line":264,"column":35}},"92":{"start":{"line":265,"column":4},"end":{"line":271,"column":5}},"93":{"start":{"line":266,"column":5},"end":{"line":270,"column":6}},"94":{"start":{"line":267,"column":6},"end":{"line":267,"column":92}},"95":{"start":{"line":269,"column":6},"end":{"line":269,"column":62}},"96":{"start":{"line":272,"column":4},"end":{"line":272,"column":11}},"97":{"start":{"line":275,"column":3},"end":{"line":275,"column":10}},"98":{"start":{"line":298,"column":0},"end":{"line":308,"column":1}},"99":{"start":{"line":299,"column":1},"end":{"line":299,"column":17}},"100":{"start":{"line":300,"column":1},"end":{"line":307,"column":2}},"101":{"start":{"line":301,"column":2},"end":{"line":305,"column":3}},"102":{"start":{"line":302,"column":3},"end":{"line":302,"column":88}},"103":{"start":{"line":303,"column":9},"end":{"line":305,"column":3}},"104":{"start":{"line":304,"column":3},"end":{"line":304,"column":54}},"105":{"start":{"line":306,"column":2},"end":{"line":306,"column":9}},"106":{"start":{"line":379,"column":0},"end":{"line":484,"column":1}},"107":{"start":{"line":380,"column":1},"end":{"line":380,"column":17}},"108":{"start":{"line":381,"column":1},"end":{"line":381,"column":25}},"109":{"start":{"line":383,"column":1},"end":{"line":483,"column":2}},"110":{"start":{"line":384,"column":2},"end":{"line":397,"column":3}},"111":{"start":{"line":385,"column":3},"end":{"line":396,"column":4}},"112":{"start":{"line":386,"column":4},"end":{"line":388,"column":5}},"113":{"start":{"line":387,"column":5},"end":{"line":387,"column":53}},"114":{"start":{"line":389,"column":4},"end":{"line":389,"column":75}},"115":{"start":{"line":391,"column":4},"end":{"line":395,"column":5}},"116":{"start":{"line":392,"column":5},"end":{"line":392,"column":37}},"117":{"start":{"line":394,"column":5},"end":{"line":394,"column":35}},"118":{"start":{"line":399,"column":2},"end":{"line":401,"column":3}},"119":{"start":{"line":400,"column":3},"end":{"line":400,"column":105}},"120":{"start":{"line":403,"column":2},"end":{"line":411,"column":3}},"121":{"start":{"line":404,"column":3},"end":{"line":404,"column":143}},"122":{"start":{"line":405,"column":9},"end":{"line":411,"column":3}},"123":{"start":{"line":406,"column":3},"end":{"line":406,"column":125}},"124":{"start":{"line":407,"column":9},"end":{"line":411,"column":3}},"125":{"start":{"line":408,"column":3},"end":{"line":408,"column":110}},"126":{"start":{"line":409,"column":9},"end":{"line":411,"column":3}},"127":{"start":{"line":410,"column":3},"end":{"line":410,"column":74}},"128":{"start":{"line":413,"column":2},"end":{"line":413,"column":67}},"129":{"start":{"line":414,"column":2},"end":{"line":414,"column":83}},"130":{"start":{"line":415,"column":2},"end":{"line":415,"column":71}},"131":{"start":{"line":417,"column":2},"end":{"line":417,"column":29}},"132":{"start":{"line":418,"column":2},"end":{"line":430,"column":3}},"133":{"start":{"line":419,"column":3},"end":{"line":419,"column":30}},"134":{"start":{"line":420,"column":3},"end":{"line":420,"column":38}},"135":{"start":{"line":421,"column":3},"end":{"line":423,"column":4}},"136":{"start":{"line":422,"column":4},"end":{"line":422,"column":35}},"137":{"start":{"line":424,"column":9},"end":{"line":430,"column":3}},"138":{"start":{"line":425,"column":3},"end":{"line":425,"column":31}},"139":{"start":{"line":426,"column":3},"end":{"line":426,"column":39}},"140":{"start":{"line":427,"column":3},"end":{"line":429,"column":4}},"141":{"start":{"line":428,"column":4},"end":{"line":428,"column":36}},"142":{"start":{"line":432,"column":2},"end":{"line":432,"column":45}},"143":{"start":{"line":433,"column":2},"end":{"line":435,"column":3}},"144":{"start":{"line":434,"column":3},"end":{"line":434,"column":52}},"145":{"start":{"line":437,"column":2},"end":{"line":441,"column":3}},"146":{"start":{"line":438,"column":3},"end":{"line":438,"column":49}},"147":{"start":{"line":439,"column":9},"end":{"line":441,"column":3}},"148":{"start":{"line":440,"column":3},"end":{"line":440,"column":25}},"149":{"start":{"line":443,"column":2},"end":{"line":482,"column":9}},"150":{"start":{"line":444,"column":3},"end":{"line":481,"column":4}},"151":{"start":{"line":445,"column":4},"end":{"line":445,"column":73}},"152":{"start":{"line":446,"column":10},"end":{"line":481,"column":4}},"153":{"start":{"line":447,"column":4},"end":{"line":447,"column":14}},"154":{"start":{"line":448,"column":4},"end":{"line":456,"column":5}},"155":{"start":{"line":449,"column":5},"end":{"line":453,"column":6}},"156":{"start":{"line":450,"column":6},"end":{"line":450,"column":80}},"157":{"start":{"line":452,"column":6},"end":{"line":452,"column":81}},"158":{"start":{"line":455,"column":5},"end":{"line":455,"column":63}},"159":{"start":{"line":457,"column":4},"end":{"line":457,"column":59}},"160":{"start":{"line":459,"column":4},"end":{"line":478,"column":7}},"161":{"start":{"line":460,"column":5},"end":{"line":477,"column":6}},"162":{"start":{"line":461,"column":6},"end":{"line":461,"column":67}},"163":{"start":{"line":463,"column":6},"end":{"line":476,"column":13}},"164":{"start":{"line":464,"column":7},"end":{"line":475,"column":8}},"165":{"start":{"line":465,"column":8},"end":{"line":465,"column":88}},"166":{"start":{"line":467,"column":8},"end":{"line":469,"column":9}},"167":{"start":{"line":468,"column":9},"end":{"line":468,"column":31}},"168":{"start":{"line":470,"column":8},"end":{"line":470,"column":41}},"169":{"start":{"line":471,"column":8},"end":{"line":473,"column":9}},"170":{"start":{"line":472,"column":9},"end":{"line":472,"column":65}},"171":{"start":{"line":474,"column":8},"end":{"line":474,"column":15}},"172":{"start":{"line":480,"column":4},"end":{"line":480,"column":43}},"173":{"start":{"line":538,"column":0},"end":{"line":577,"column":1}},"174":{"start":{"line":540,"column":1},"end":{"line":540,"column":26}},"175":{"start":{"line":541,"column":1},"end":{"line":546,"column":2}},"176":{"start":{"line":542,"column":2},"end":{"line":542,"column":22}},"177":{"start":{"line":543,"column":2},"end":{"line":543,"column":19}},"178":{"start":{"line":544,"column":2},"end":{"line":544,"column":19}},"179":{"start":{"line":545,"column":2},"end":{"line":545,"column":22}},"180":{"start":{"line":547,"column":1},"end":{"line":547,"column":25}},"181":{"start":{"line":549,"column":1},"end":{"line":562,"column":2}},"182":{"start":{"line":551,"column":2},"end":{"line":551,"column":75}},"183":{"start":{"line":552,"column":8},"end":{"line":562,"column":2}},"184":{"start":{"line":555,"column":2},"end":{"line":555,"column":72}},"185":{"start":{"line":556,"column":8},"end":{"line":562,"column":2}},"186":{"start":{"line":557,"column":2},"end":{"line":557,"column":93}},"187":{"start":{"line":558,"column":8},"end":{"line":562,"column":2}},"188":{"start":{"line":559,"column":2},"end":{"line":559,"column":145}},"189":{"start":{"line":560,"column":8},"end":{"line":562,"column":2}},"190":{"start":{"line":561,"column":2},"end":{"line":561,"column":95}},"191":{"start":{"line":564,"column":1},"end":{"line":567,"column":4}},"192":{"start":{"line":568,"column":1},"end":{"line":576,"column":2}},"193":{"start":{"line":569,"column":2},"end":{"line":569,"column":33}},"194":{"start":{"line":571,"column":2},"end":{"line":575,"column":3}},"195":{"start":{"line":572,"column":3},"end":{"line":572,"column":86}},"196":{"start":{"line":574,"column":3},"end":{"line":574,"column":40}},"197":{"start":{"line":584,"column":0},"end":{"line":590,"column":1}},"198":{"start":{"line":585,"column":1},"end":{"line":585,"column":22}},"199":{"start":{"line":586,"column":1},"end":{"line":588,"column":2}},"200":{"start":{"line":587,"column":2},"end":{"line":587,"column":50}},"201":{"start":{"line":589,"column":1},"end":{"line":589,"column":25}},"202":{"start":{"line":601,"column":0},"end":{"line":613,"column":2}},"203":{"start":{"line":602,"column":1},"end":{"line":612,"column":2}},"204":{"start":{"line":603,"column":2},"end":{"line":603,"column":30}},"205":{"start":{"line":605,"column":2},"end":{"line":611,"column":5}},"206":{"start":{"line":606,"column":3},"end":{"line":610,"column":4}},"207":{"start":{"line":607,"column":4},"end":{"line":607,"column":21}},"208":{"start":{"line":609,"column":4},"end":{"line":609,"column":25}},"209":{"start":{"line":623,"column":0},"end":{"line":629,"column":2}},"210":{"start":{"line":624,"column":1},"end":{"line":624,"column":33}},"211":{"start":{"line":625,"column":1},"end":{"line":628,"column":2}},"212":{"start":{"line":626,"column":2},"end":{"line":626,"column":44}},"213":{"start":{"line":627,"column":2},"end":{"line":627,"column":28}},"214":{"start":{"line":640,"column":0},"end":{"line":643,"column":2}},"215":{"start":{"line":641,"column":1},"end":{"line":641,"column":33}},"216":{"start":{"line":642,"column":1},"end":{"line":642,"column":55}},"217":{"start":{"line":645,"column":0},"end":{"line":645,"column":30}}},"branchMap":{"1":{"line":40,"type":"binary-expr","locations":[{"start":{"line":40,"column":11},"end":{"line":40,"column":18}},{"start":{"line":40,"column":22},"end":{"line":40,"column":24}}]},"2":{"line":41,"type":"if","locations":[{"start":{"line":41,"column":1},"end":{"line":41,"column":1}},{"start":{"line":41,"column":1},"end":{"line":41,"column":1}}]},"3":{"line":46,"type":"cond-expr","locations":[{"start":{"line":46,"column":47},"end":{"line":46,"column":67}},{"start":{"line":46,"column":70},"end":{"line":46,"column":76}}]},"4":{"line":48,"type":"cond-expr","locations":[{"start":{"line":48,"column":63},"end":{"line":48,"column":67}},{"start":{"line":48,"column":70},"end":{"line":48,"column":75}}]},"5":{"line":97,"type":"binary-expr","locations":[{"start":{"line":97,"column":11},"end":{"line":97,"column":18}},{"start":{"line":97,"column":22},"end":{"line":97,"column":24}}]},"6":{"line":99,"type":"if","locations":[{"start":{"line":99,"column":2},"end":{"line":99,"column":2}},{"start":{"line":99,"column":2},"end":{"line":99,"column":2}}]},"7":{"line":103,"type":"cond-expr","locations":[{"start":{"line":103,"column":42},"end":{"line":103,"column":60}},{"start":{"line":103,"column":63},"end":{"line":103,"column":70}}]},"8":{"line":104,"type":"cond-expr","locations":[{"start":{"line":104,"column":38},"end":{"line":104,"column":54}},{"start":{"line":104,"column":57},"end":{"line":104,"column":62}}]},"9":{"line":107,"type":"if","locations":[{"start":{"line":107,"column":2},"end":{"line":107,"column":2}},{"start":{"line":107,"column":2},"end":{"line":107,"column":2}}]},"10":{"line":107,"type":"binary-expr","locations":[{"start":{"line":107,"column":5},"end":{"line":107,"column":11}},{"start":{"line":107,"column":15},"end":{"line":107,"column":19}},{"start":{"line":107,"column":23},"end":{"line":107,"column":40}}]},"11":{"line":108,"type":"if","locations":[{"start":{"line":108,"column":3},"end":{"line":108,"column":3}},{"start":{"line":108,"column":3},"end":{"line":108,"column":3}}]},"12":{"line":110,"type":"if","locations":[{"start":{"line":110,"column":10},"end":{"line":110,"column":10}},{"start":{"line":110,"column":10},"end":{"line":110,"column":10}}]},"13":{"line":110,"type":"binary-expr","locations":[{"start":{"line":110,"column":13},"end":{"line":110,"column":33}},{"start":{"line":110,"column":37},"end":{"line":110,"column":55}}]},"14":{"line":116,"type":"if","locations":[{"start":{"line":116,"column":2},"end":{"line":116,"column":2}},{"start":{"line":116,"column":2},"end":{"line":116,"column":2}}]},"15":{"line":116,"type":"binary-expr","locations":[{"start":{"line":116,"column":6},"end":{"line":116,"column":26}},{"start":{"line":116,"column":30},"end":{"line":116,"column":50}},{"start":{"line":116,"column":55},"end":{"line":116,"column":65}}]},"16":{"line":120,"type":"if","locations":[{"start":{"line":120,"column":2},"end":{"line":120,"column":2}},{"start":{"line":120,"column":2},"end":{"line":120,"column":2}}]},"17":{"line":120,"type":"binary-expr","locations":[{"start":{"line":120,"column":5},"end":{"line":120,"column":10}},{"start":{"line":120,"column":14},"end":{"line":120,"column":17}}]},"18":{"line":122,"type":"if","locations":[{"start":{"line":122,"column":4},"end":{"line":122,"column":4}},{"start":{"line":122,"column":4},"end":{"line":122,"column":4}}]},"19":{"line":126,"type":"if","locations":[{"start":{"line":126,"column":6},"end":{"line":126,"column":6}},{"start":{"line":126,"column":6},"end":{"line":126,"column":6}}]},"20":{"line":129,"type":"if","locations":[{"start":{"line":129,"column":6},"end":{"line":129,"column":6}},{"start":{"line":129,"column":6},"end":{"line":129,"column":6}}]},"21":{"line":132,"type":"if","locations":[{"start":{"line":132,"column":6},"end":{"line":132,"column":6}},{"start":{"line":132,"column":6},"end":{"line":132,"column":6}}]},"22":{"line":132,"type":"binary-expr","locations":[{"start":{"line":132,"column":9},"end":{"line":132,"column":37}},{"start":{"line":132,"column":41},"end":{"line":132,"column":49}}]},"23":{"line":136,"type":"if","locations":[{"start":{"line":136,"column":6},"end":{"line":136,"column":6}},{"start":{"line":136,"column":6},"end":{"line":136,"column":6}}]},"24":{"line":145,"type":"if","locations":[{"start":{"line":145,"column":5},"end":{"line":145,"column":5}},{"start":{"line":145,"column":5},"end":{"line":145,"column":5}}]},"25":{"line":147,"type":"if","locations":[{"start":{"line":147,"column":7},"end":{"line":147,"column":7}},{"start":{"line":147,"column":7},"end":{"line":147,"column":7}}]},"26":{"line":156,"type":"if","locations":[{"start":{"line":156,"column":11},"end":{"line":156,"column":11}},{"start":{"line":156,"column":11},"end":{"line":156,"column":11}}]},"27":{"line":158,"type":"if","locations":[{"start":{"line":158,"column":11},"end":{"line":158,"column":11}},{"start":{"line":158,"column":11},"end":{"line":158,"column":11}}]},"28":{"line":203,"type":"if","locations":[{"start":{"line":203,"column":2},"end":{"line":203,"column":2}},{"start":{"line":203,"column":2},"end":{"line":203,"column":2}}]},"29":{"line":208,"type":"binary-expr","locations":[{"start":{"line":208,"column":12},"end":{"line":208,"column":19}},{"start":{"line":208,"column":23},"end":{"line":208,"column":25}}]},"30":{"line":209,"type":"if","locations":[{"start":{"line":209,"column":2},"end":{"line":209,"column":2}},{"start":{"line":209,"column":2},"end":{"line":209,"column":2}}]},"31":{"line":211,"type":"if","locations":[{"start":{"line":211,"column":3},"end":{"line":211,"column":3}},{"start":{"line":211,"column":3},"end":{"line":211,"column":3}}]},"32":{"line":213,"type":"if","locations":[{"start":{"line":213,"column":4},"end":{"line":213,"column":4}},{"start":{"line":213,"column":4},"end":{"line":213,"column":4}}]},"33":{"line":219,"type":"if","locations":[{"start":{"line":219,"column":3},"end":{"line":219,"column":3}},{"start":{"line":219,"column":3},"end":{"line":219,"column":3}}]},"34":{"line":220,"type":"if","locations":[{"start":{"line":220,"column":4},"end":{"line":220,"column":4}},{"start":{"line":220,"column":4},"end":{"line":220,"column":4}}]},"35":{"line":228,"type":"if","locations":[{"start":{"line":228,"column":9},"end":{"line":228,"column":9}},{"start":{"line":228,"column":9},"end":{"line":228,"column":9}}]},"36":{"line":230,"type":"if","locations":[{"start":{"line":230,"column":9},"end":{"line":230,"column":9}},{"start":{"line":230,"column":9},"end":{"line":230,"column":9}}]},"37":{"line":259,"type":"if","locations":[{"start":{"line":259,"column":2},"end":{"line":259,"column":2}},{"start":{"line":259,"column":2},"end":{"line":259,"column":2}}]},"38":{"line":259,"type":"binary-expr","locations":[{"start":{"line":259,"column":5},"end":{"line":259,"column":16}},{"start":{"line":259,"column":20},"end":{"line":259,"column":44}}]},"39":{"line":262,"type":"if","locations":[{"start":{"line":262,"column":2},"end":{"line":262,"column":2}},{"start":{"line":262,"column":2},"end":{"line":262,"column":2}}]},"40":{"line":265,"type":"if","locations":[{"start":{"line":265,"column":4},"end":{"line":265,"column":4}},{"start":{"line":265,"column":4},"end":{"line":265,"column":4}}]},"41":{"line":265,"type":"binary-expr","locations":[{"start":{"line":265,"column":7},"end":{"line":265,"column":14}},{"start":{"line":265,"column":18},"end":{"line":265,"column":38}}]},"42":{"line":266,"type":"if","locations":[{"start":{"line":266,"column":5},"end":{"line":266,"column":5}},{"start":{"line":266,"column":5},"end":{"line":266,"column":5}}]},"43":{"line":301,"type":"if","locations":[{"start":{"line":301,"column":2},"end":{"line":301,"column":2}},{"start":{"line":301,"column":2},"end":{"line":301,"column":2}}]},"44":{"line":303,"type":"if","locations":[{"start":{"line":303,"column":9},"end":{"line":303,"column":9}},{"start":{"line":303,"column":9},"end":{"line":303,"column":9}}]},"45":{"line":381,"type":"binary-expr","locations":[{"start":{"line":381,"column":11},"end":{"line":381,"column":18}},{"start":{"line":381,"column":22},"end":{"line":381,"column":24}}]},"46":{"line":385,"type":"if","locations":[{"start":{"line":385,"column":3},"end":{"line":385,"column":3}},{"start":{"line":385,"column":3},"end":{"line":385,"column":3}}]},"47":{"line":386,"type":"if","locations":[{"start":{"line":386,
[...]
if(req.session && req.session.passwordless) {","\t\t\tdelete req.session.passwordless;","\t\t}","\t\tif(req[self._userProperty]) {","\t\t\tself._tokenStore.invalidateUser(req[self._userProperty], function() {","\t\t\t\tdelete req[self._userProperty];","\t\t\t\tif(options && options.successFlash) {","\t\t\t\t\tif(!req.flash) {","\t\t\t\t\t\treturn next('To use successFlash, flash middleware is requied such as connect-flash');","\t\t\t\t\t} else {","\t\t\t\t\t\treq.flash('passwordless-success', options.successFlash);","\t\t\t\t\t}","\t\t\t\t}","\t\t\t\tnext();","\t\t\t});","\t\t} else {","\t\t\tnext();","\t\t}","\t}","}","","/**"," * By adding this middleware function to a route, Passwordless automatically restores"," * the logged in user from the session. In 90% of the cases, this is what is required. "," * However, Passwordless can also work without session support in a stateless mode."," *"," * @example"," * var app = express();"," * var passwordless = new Passwordless(new DBTokenStore());"," * \t\t"," * app.use(cookieParser());"," * app.use(expressSession({ secret: '42' }));"," * \t\t"," * app.use(passwordless.sessionSupport());"," * app.use(passwordless.acceptToken());"," *"," * @return {ExpressMiddleware} Express middleware"," * @throws {Error} Will throw an error no session middleware has been supplied"," */","Passwordless.prototype.sessionSupport = function() {","\tvar self = this;","\treturn function(req, res, next) {","\t\tif(!req.session) {","\t\t\tthrow new Error('sessionSupport requires session middleware such as expressSession');","\t\t} else if (req.session.passwordless) {","\t\t\treq[self._userProperty] = req.session.passwordless;","\t\t}","\t\tnext();","\t}","}","","/**"," * @callback getUserID"," * @param  {Object} user Contact details provided by the user (e.g. email address)"," * @param  {String} delivery Delivery method used (can be null)"," * @param  {function(error, user)} callback To be called in the format "," * callback(error, user), where error is either null or an error message and user "," * is either null if not user has been found or the user ID."," * @param  {Object} req Express request object"," */","","/**"," * Requests a token from Passwordless for a specific user and calls the delivery strategy "," * to send the token to the user. Sends back a 401 error message if the user is not valid "," * or a 400 error message if no user information has been transmitted at all. By default,"," * POST params will be expected"," * "," * @example"," * router.post('/sendtoken', "," * \tpasswordless.requestToken("," * \t\tfunction(user, delivery, callback, req) {"," * \t\t\t// usually you would want something like:"," * \t\t\tUser.find({email: user}, callback(ret) {"," * \t\t\t\tif(ret)"," * \t\t\t\t\tcallback(null, ret.id)"," * \t\t\t\telse"," * \t\t\t\t\tcallback(null, null)"," * \t\t\t})"," * \t\t}),"," * \t\tfunction(req, res) {"," * \t\t\tres.render('sent');"," * \t\t});"," *"," * @param  {getUserID} getUserID The function called to resolve the supplied user contact "," * information (e.g. email) into a proper user ID: function(user, delivery, callback, req)"," * where user contains the contact details provided, delivery the method used, callback "," * expects a call in the format callback(error, user), where error is either null or an "," * error message and user is either null if not user has been found or the user ID. req "," * contains the Express request object"," * @param  {Object} [options]"," * @param  {String} [options.failureRedirect] - If provided, the user will be redirected"," * to the given URL in case the user details were not provided or could not be validated"," * by getUserId. This could typically by a login page (example: '/login', default: null)"," * @param  {String} [options.failureFlash] - The error message to be flashed in case"," * the user details could not be validated. Using this option requires flash middleware "," * such as connect-flash. The message will be stored as 'passwordless'. Can only be used "," * in combination with failureRedirect (example: 'Your user details seem strange', "," * default: null)"," * @param  {String} [options.successFlash] - The message to be flashed in case the tokens"," * were send out successfully. Using this option requires flash middleware such as "," * connect-flash. The message will be stored as 'passwordless-success '. "," * (example: 'Your token has been send', default: null)"," * @param  {String} [options.userField] - The field which contains the user's contact "," * detail such as her email address (default: 'user')"," * @param  {String} [options.deliveryField] - The field which contains the name of the"," * delivery method to be used. Only needed if several strategies have been added with"," * addDelivery() (default: null)"," * @param  {String} [options.originField] - If set, requestToken() will look for any"," * URLs in this field that will be stored in the token database so that the user can"," * be redirected to this URL as soon as she is authenticated. Usually used to redirect "," * the user to the resource that she originally requested before being redirected to"," * the login page (default: null)"," * @param  {Boolean} [options.allowGet] - If set, requestToken() will look for GET "," * parameters instead of POST (default: false)"," * @return {ExpressMiddleware} Express middleware"," * @throws {Error} Will throw an error if failureFlash is used without flash middleware, "," * failureFlash is used without failureRedirect, successFlash is used without flash "," * middleware, no body parser is used and POST parameters are expected, or if no "," * delivery method has been added"," */","Passwordless.prototype.requestToken = function(getUserID, options) {","\tvar self = this;","\toptions = options || {};","\t","\treturn function(req, res, next) {","\t\tvar sendError = function(statusCode, authenticate) {","\t\t\tif(options.failureRedirect) {","\t\t\t\tif(options.failureFlash) {","\t\t\t\t\treq.flash('passwordless', options.failureFlash);","\t\t\t\t}","\t\t\t\tself._redirectWithSessionSave(req, res, next, options.failureRedirect);","\t\t\t} else {","\t\t\t\tif(statusCode === 401) {","\t\t\t\t\tself._send401(res, authenticate)","\t\t\t\t} else {","\t\t\t\t\tres.status(statusCode).send();","\t\t\t\t}","\t\t\t}","\t\t}","","\t\tif(!self._tokenStore) {","\t\t\tthrow new Error('Passwordless is missing a TokenStore. Are you sure you called passwordless.init()?');","\t\t}","","\t\tif(!req.body && !options.allowGet) {","\t\t\tthrow new Error('req.body does not exist: did you require middleware to accept POST data (such as body-parser) before calling acceptToken?')","\t\t} else if(!self._defaultDelivery && Object.keys(self._deliveryMethods).length === 0) {","\t\t\tthrow new Error('passwordless requires at least one delivery method which can be added using passwordless.addDelivery()');","\t\t} else if((options.successFlash || options.failureFlash) && !req.flash) {","\t\t\tthrow new Error('To use failureFlash or successFlash, flash middleware is required such as connect-flash');","\t\t} else if(options.failureFlash && !options.failureRedirect) {","\t\t\tthrow new Error('failureFlash cannot be used without failureRedirect');","\t\t}","","\t\tvar userField = (options.userField) ? options.userField : 'user';","\t\tvar deliveryField = (options.deliveryField) ? options.deliveryField : 'delivery';","\t\tvar originField = (options.originField) ? options.originField : null;","","\t\tvar user, delivery, origin;","\t\tif(req.body && req.method === \"POST\") {","\t\t\tuser = req.body[userField];","\t\t\tdelivery = req.body[deliveryField];","\t\t\tif(originField) {","\t\t\t\torigin = req.body[originField];","\t\t\t}","\t\t} else if(options.allowGet && req.method === \"GET\") {","\t\t\tuser = req.query[userField];","\t\t\tdelivery = req.query[deliveryField];","\t\t\tif(originField) {","\t\t\t\torigin = req.query[originField];","\t\t\t}","\t\t}","","\t\tvar deliveryMethod = self._defaultDelivery;","\t\tif(delivery && self._deliveryMethods[delivery]) {","\t\t\tdeliveryMethod = self._deliveryMethods[delivery];","\t\t}","","\t\tif(typeof user === 'string' && user.length === 0) {","\t\t\treturn sendError(401, 'Provide a valid user');","\t\t} else if(!deliveryMethod || !user) {","\t\t\treturn sendError(400);","\t\t}","","\t\tgetUserID(user, delivery, function(uidError, uid) {","\t\t\tif(uidError) {","\t\t\t\tnext(new Error('Error on the user verification layer: ' + uidError));","\t\t\t} else if(uid) {","\t\t\t\tvar token;","\t\t\t\ttry {","\t\t\t\t\tif(deliveryMethod.options.numberToken && deliveryMethod.options.numberToken.max) {","\t\t\t\t\t\ttoken = self._generateNumberToken(deliveryMethod.options.numberToken.max);","\t\t\t\t\t} else {","\t\t\t\t\t\ttoken = (deliveryMethod.options.tokenAlgorithm || self._generateToken())();","\t\t\t\t\t}","\t\t\t\t} catch(err) {","\t\t\t\t\tnext(new Error('Error while generating a token: ' + err));","\t\t\t\t}","\t\t\t\tvar ttl = deliveryMethod.options.ttl || 60 * 60 * 1000;","","\t\t\t\tself._tokenStore.storeOrUpdate(token, uid.toString(), ttl, origin, function(storeError) {","\t\t\t\t\tif(storeError) {","\t\t\t\t\t\tnext(new Error('Error on the storage layer: ' + storeError));","\t\t\t\t\t} else {","\t\t\t\t\t\tdeliveryMethod.sendToken(token, uid, user, function(deliveryError) {","\t\t\t\t\t\t\tif(deliveryError) {","\t\t\t\t\t\t\t\tnext(new Error('Error on the deliveryMethod delivery layer: ' + deliveryError));","\t\t\t\t\t\t\t} else {","\t\t\t\t\t\t\t\tif(!req.passwordless) {","\t\t\t\t\t\t\t\t\treq.passwordless = {};","\t\t\t\t\t\t\t\t}","\t\t\t\t\t\t\t\treq.passwordless.uidToAuth = uid;","\t\t\t\t\t\t\t\tif(options.successFlash) {","\t\t\t\t\t\t\t\t\treq.flash('passwordless-success', options.successFlash);","\t\t\t\t\t\t\t\t}","\t\t\t\t\t\t\t\tnext();","\t\t\t\t\t\t\t}","\t\t\t\t\t\t}, req)\t\t","\t\t\t\t\t}\t","\t\t\t\t});","\t\t\t} else {","\t\t\t\tsendError(401, 'Provide a valid user');","\t\t\t}","\t\t}, req)","\t}","}","","/**"," * @callback sendToken"," * @param  {String} tokenToSend The token to send"," * @param  {Object} uidToSend The UID that has to be part of the token URL"," * @param  {String} recipient the target such as an email address or a phone number "," * depending on the user input"," * @param  {function(error)} callback Has to be called either with no parameters or "," * with callback({String}) in case of any issues during delivery"," * @param  {Object} req The request object"," */","","/**"," * Adds a new delivery method to Passwordless used to transmit tokens to the user. This could, "," * for example, be an email client or a sms client. If only one method is used, no name has to "," * provided as it will be the default delivery method. If several methods are used and added, "," * they will have to be named."," *"," * @example"," * passwordless.init(new MongoStore(pathToMongoDb));"," * passwordless.addDelivery("," * \tfunction(tokenToSend, uidToSend, recipient, callback, req) {"," * \t\t// Send out token"," * \t\tsmtpServer.send({"," * \t\t\ttext:    'Hello!\\nYou can now access your account here: ' "," * \t\t\t\t+ host + '?token=' + tokenToSend + '&uid=' + encodeURIComponent(uidToSend), "," * \t\t\tfrom:    yourEmail, "," * \t\t\tto:      recipient,"," * \t\t\tsubject: 'Token for ' + host"," * \t\t}, function(err, message) { "," * \t\t\tif(err) {"," * \t\t\t\tconsole.log(err);"," * \t\t\t}"," * \t\t\tcallback(err);"," * \t\t});"," * \t});"," * \t"," * @param {String} [name] - Name of the strategy. Not needed if only one method is added"," * @param {sendToken} sendToken - Method that will be called as"," * function(tokenToSend, uidToSend, recipient, callback, req) to transmit the token to the "," * user. tokenToSend contains the token, uidToSend the UID that has to be part of the "," * token URL, recipient contains the target such as an email address or a phone number "," * depending on the user input, and callback has to be called either with no parameters "," * or with callback({String}) in case of any issues during delivery"," * @param  {Object} [options]"," * @param  {Number} [options.ttl] - Duration in ms that the token shall be valid "," * (example: 1000*60*30, default: 1 hour)"," * @param  {function()} [options.tokenAlgorithm] - The algorithm used to generate a token. "," * Function shall return the token in sync mode (default: Base58 token)"," * @param  {Number} [options.numberToken.max] - Overwrites the default token generator"," * by a random number generator which generates numbers between 0 and max. Cannot be used"," * together with options.tokenAlgorithm"," */","Passwordless.prototype.addDelivery = function(name, sendToken, options) {","\t// So that add can be called with (sendToken [, options])","\tvar defaultUsage = false;","\tif(typeof name === 'function') {","\t\toptions = sendToken;","\t\tsendToken = name;","\t\tname = undefined;","\t\tdefaultUsage = true;","\t}","\toptions = options || {};","","\tif(typeof sendToken !== 'function' || typeof options !== 'object' ","\t\t|| (name && typeof name !== 'string')) {","\t\tthrow new Error('Passwordless.addDelivery called with wrong parameters');","\t} else if((options.ttl && typeof options.ttl !== 'number') || ","\t\t(options.tokenAlgorithm && typeof options.tokenAlgorithm !== 'function') ||","\t\t(options.numberToken && (!options.numberToken.max || typeof options.numberToken.max !== 'number'))) {","\t\tthrow new Error('One of the provided options is of the wrong format');","\t} else if(options.tokenAlgorithm && options.numberToken) {","\t\tthrow new Error('options.tokenAlgorithm cannot be used together with options.numberToken');","\t} else if(this._defaultDelivery) {","\t\tthrow new Error('Only one default delivery method shall be defined and not be mixed up with named methods. Use named delivery methods instead')","\t} else if(defaultUsage && Object.keys(this._deliveryMethods).length > 0) {","\t\tthrow new Error('Default delivery methods and named delivery methods shall not be mixed up');","\t}","","\tvar method = {","\t\t\tsendToken: sendToken,","\t\t\toptions: options","\t\t};","\tif(defaultUsage) {","\t\tthis._defaultDelivery = method;","\t} else {","\t\tif(this._deliveryMethods[name]) {","\t\t\tthrow new Error('Only one named delivery method with the same name shall be added')","\t\t} else {","\t\t\tthis._deliveryMethods[name] = method;","\t\t}","\t}","}","","/**"," * Sends a 401 error message back to the user"," * @param  {Object} res - Node's http res object"," * @private"," */","Passwordless.prototype._send401 = function(res, authenticate) {","\tres.statusCode = 401;","\tif(authenticate) {","\t\tres.setHeader('WWW-Authenticate', authenticate);","\t}","\tres.end('Unauthorized');","}","","/**"," * Avoids a bug in express that might lead to a redirect"," * before the session is actually saved"," * @param  {Object} req - Node's http req object"," * @param  {Object} res - Node's http res object"," * @param  {Function} next - Middleware callback"," * @param  {String} target - URL to redirect to"," * @private"," */","Passwordless.prototype._redirectWithSessionSave = function(req, res, next, target) {","\tif (!req.session || this._skipForceSessionSave) {","\t\treturn res.redirect(target);","\t} else {","\t\treq.session.save(function(err) {","\t\t\tif (err) {","\t\t\t\treturn next(err);","\t\t\t} else {","\t\t\t\tres.redirect(target);","\t\t\t}","\t\t});","\t}","};","","/**"," * Generates a random token using Node's crypto rng"," * @param  {Number} randomBytes - Random bytes to be generated"," * @return {function()} token-generator function"," * @throws {Error} Will throw an error if there is no sufficient"," * entropy accumulated"," * @private"," */","Passwordless.prototype._generateToken = function(randomBytes) {","\trandomBytes = randomBytes || 16;","\treturn function() {","\t\tvar buf = crypto.randomBytes(randomBytes);","\t\treturn base58.encode(buf);","\t}","};","","/**"," * Generates a strong random number between 0 and a maximum value. The"," * maximum value cannot exceed 2^32"," * @param  {Number} max - Maximum number to be generated"," * @return {Number} Random number between 0 and max"," * @throws {Error} Will throw an error if there is no sufficient"," * entropy accumulated"," * @private"," */","Passwordless.prototype._generateNumberToken = function(max) {","\tvar buf = crypto.randomBytes(4);","\treturn Math.floor(buf.readUInt32BE(0)%max).toString();","};","","module.exports = Passwordless;","","/** "," * Express middleware"," * @name ExpressMiddleware"," * @function"," * @param {Object} req"," * @param {Object} res"," * @param {Object} next"," */",""],"l":{"3":1,"4":1,"5":1,"15":1,"16":1,"17":1,"18":1,"19":1,"39":1,"40":0,"41":0,"42":0,"45":0,"46":0,"47":0,"48":0,"95":1,"96":0,"97":0,"98":0,"99":0,"100":0,"103":0,"104":0,"106":0,"107":0,"108":0,"109":0,"110":0,"111":0,"112":0,"116":0,"117":0,"120":0,"121":0,"122":0,"123":0,"125":0,"126":0,"127":0,"129":0,"130":0,"132":0,"134":0,"136":0,"139":0,"141":0,"145":0,"146":0,"147":0,"148":0,"150":0,"154":0,"156":0,"157":0,"158":0,"159":0,"160":0,"162":0,"166":0,"200":1,"201":0,"202":0,"203":0,"204":0,"208":0,"209":0,"210":0,"211":0,"212":0,"213":0,"214":0,"216":0,"219":0,"220":0,"221":0,"223":0,"227":0,"228":0,"229":0,"230":0,"231":0,"233":0,"256":1,"257":0,"258":0,"259":0,"260":0,"262":0,"263":0,"264":0,"265":0,"266":0,"267":0,"269":0,"272":0,"275":0,"298":1,"299":0,"300":0,"301":0,"302":0,"303":0,"304":0,"306":0,"379":1,"380":0,"381":0,"383":0,"384":0,"385":0,"386":0,"387":0,"389":0,"391":0,"392":0,"394":0,"399":0,"400":0,"403":0,"404":0,"405":0,"406":0,"407":0,"408":0,"409":0,"410":0,"413":0,"414":0,"415":0,"417":0,"418":0,"419":0,"420":0,"421":0,"422":0,"424":0,"425":0,"426":0,"427":0,"428":0,"432":0,"433":0,"434":0,"437":0,"438":0,"439":0,"440":0,"443":0,"444":0,"445":0,"446":0,"447":0,"448":0,"449":0,"450":0,"452":0,"455":0,"457":0,"459":0,"460":0,"461":0,"463":0,"464":0,"465":0,"467":0,"468":0,"470":0,"471":0,"472":0,"474":0,"480":0,"538":1,"540":0,"541":0,"542":0,"543":0,"544":0,"545":0,"547":0,"549":0,"551":0,"552":0,"555":0,"556":0,"557":0,"558":0,"559":0,"560":0,"561":0,"564":0,"568":0,"569":0,"571":0,"572":0,"574":0,"584":1,"585":0,"586":0,"587":0,"589":0,"601":1,"602":0,"603":0,"605":0,"606":0,"607":0,"609":0,"623":1,"624":0,"625":0,"626":0,"627":0,"640":1,"641":0,"642":0,"645":1}},"/home/travis/build/npmtest/node-npmtest-passwordless/node_modules/passwordless/Gruntfile.js":{"path":"/home/travis/build/npmtest/node-npmtest-passwordless/node_modules/passwordless/Gruntfile.js","s":{"1":1,"2":0,"3":0,"4":0,"5":0,"6":0,"7":0},"b":{},"f":{"1":0},"fnMap":{"1":{"name":"(anonymous_1)","line":1,"loc":{"start":{"line":1,"column":17},"end":{"line":1,"column":33}}}},"statementMap":{"1":{"start":{"line":1,"column":0},"end":{"line":31,"column":2}},"2":{"start":{"line":3,"column":1},"end":{"line":3,"column":40}},"3":{"start":{"line":4,"column":1},"end":{"line":4,"column":35}},"4":{"start":{"line":5,"column":1},"end":{"line":5,"column":43}},"5":{"start":{"line":7,"column":1},"end":{"line":27,"column":4}},"6":{"start":{"line":29,"column":1},"end":{"line":29,"column":43}},"7":{"start":{"line":30,"column":1},"end":{"line":30,"column":53}}},"branchMap":{},"code":["module.exports = function(grunt) {","","\tgrunt.loadNpmTasks('grunt-mocha-test');","\tgrunt.loadNpmTasks('grunt-jsdoc');","\tgrunt.loadNpmTasks('grunt-contrib-clean');","","\tgrunt.initConfig({","\t\tclean: {","\t\t\tdocs: ['docs']","\t\t},","\t\tmochaTest: {","\t\t\ttest: {","\t\t\t\toptions: {","\t\t\t\t\treporter: 'spec'","\t\t\t\t},","\t\t\t\tsrc: ['test/**/*.test.js']","\t\t\t}","\t\t},","\t\tjsdoc : {","\t\t\tdist : {","\t\t\t\tsrc: ['lib/passwordless/passwordless.js'], ","\t\t\t\toptions: {","\t\t\t\t\tdestination: 'docs'","\t\t\t\t}","\t\t\t}","\t\t}","\t});","","\tgrunt.registerTask('test', ['mochaTest']);","\tgrunt.registerTask('docs', ['clean:docs', 'jsdoc']);","};"],"l":{"1":1,"3":0,"4":0,"5":0,"7":0,"29":0,"30":0}}}